[2022-04-21 22:51:19,544] {processor.py:163} INFO - Started process (PID=894) to work on /home/daalonso/.local/lib/python3.8/site-packages/airflow/example_dags/example_bash_operator.py
[2022-04-21 22:51:19,546] {processor.py:625} INFO - Processing file /home/daalonso/.local/lib/python3.8/site-packages/airflow/example_dags/example_bash_operator.py for tasks to queue
[2022-04-21 22:51:19,547] {logging_mixin.py:109} INFO - [2022-04-21 22:51:19,546] {dagbag.py:500} INFO - Filling up the DagBag from /home/daalonso/.local/lib/python3.8/site-packages/airflow/example_dags/example_bash_operator.py
[2022-04-21 22:51:19,599] {processor.py:637} INFO - DAG(s) dict_keys(['example_bash_operator']) retrieved from /home/daalonso/.local/lib/python3.8/site-packages/airflow/example_dags/example_bash_operator.py
[2022-04-21 22:51:19,614] {logging_mixin.py:109} INFO - [2022-04-21 22:51:19,614] {dag.py:2396} INFO - Sync 1 DAGs
[2022-04-21 22:51:19,638] {logging_mixin.py:109} INFO - [2022-04-21 22:51:19,638] {dag.py:2928} INFO - Setting next_dagrun for example_bash_operator to 2022-04-21 00:00:00+00:00
[2022-04-21 22:51:19,651] {processor.py:171} INFO - Processing /home/daalonso/.local/lib/python3.8/site-packages/airflow/example_dags/example_bash_operator.py took 0.112 seconds
[2022-04-21 22:52:20,641] {processor.py:163} INFO - Started process (PID=1005) to work on /home/daalonso/.local/lib/python3.8/site-packages/airflow/example_dags/example_bash_operator.py
[2022-04-21 22:52:20,644] {processor.py:625} INFO - Processing file /home/daalonso/.local/lib/python3.8/site-packages/airflow/example_dags/example_bash_operator.py for tasks to queue
[2022-04-21 22:52:20,646] {logging_mixin.py:109} INFO - [2022-04-21 22:52:20,646] {dagbag.py:500} INFO - Filling up the DagBag from /home/daalonso/.local/lib/python3.8/site-packages/airflow/example_dags/example_bash_operator.py
[2022-04-21 22:52:20,712] {processor.py:637} INFO - DAG(s) dict_keys(['example_bash_operator']) retrieved from /home/daalonso/.local/lib/python3.8/site-packages/airflow/example_dags/example_bash_operator.py
[2022-04-21 22:52:20,742] {logging_mixin.py:109} INFO - [2022-04-21 22:52:20,742] {dag.py:2396} INFO - Sync 1 DAGs
[2022-04-21 22:52:20,764] {logging_mixin.py:109} INFO - [2022-04-21 22:52:20,764] {dag.py:2928} INFO - Setting next_dagrun for example_bash_operator to 2022-04-21 00:00:00+00:00
[2022-04-21 22:52:20,780] {processor.py:171} INFO - Processing /home/daalonso/.local/lib/python3.8/site-packages/airflow/example_dags/example_bash_operator.py took 0.146 seconds
[2022-04-21 22:53:23,002] {processor.py:163} INFO - Started process (PID=1199) to work on /home/daalonso/.local/lib/python3.8/site-packages/airflow/example_dags/example_bash_operator.py
[2022-04-21 22:53:23,005] {processor.py:625} INFO - Processing file /home/daalonso/.local/lib/python3.8/site-packages/airflow/example_dags/example_bash_operator.py for tasks to queue
[2022-04-21 22:53:23,007] {logging_mixin.py:109} INFO - [2022-04-21 22:53:23,007] {dagbag.py:500} INFO - Filling up the DagBag from /home/daalonso/.local/lib/python3.8/site-packages/airflow/example_dags/example_bash_operator.py
[2022-04-21 22:53:23,103] {processor.py:637} INFO - DAG(s) dict_keys(['example_bash_operator']) retrieved from /home/daalonso/.local/lib/python3.8/site-packages/airflow/example_dags/example_bash_operator.py
[2022-04-21 22:53:23,128] {logging_mixin.py:109} INFO - [2022-04-21 22:53:23,128] {dag.py:2396} INFO - Sync 1 DAGs
[2022-04-21 22:53:23,162] {logging_mixin.py:109} INFO - [2022-04-21 22:53:23,161] {dag.py:2928} INFO - Setting next_dagrun for example_bash_operator to 2022-04-21 00:00:00+00:00
[2022-04-21 22:53:23,186] {processor.py:171} INFO - Processing /home/daalonso/.local/lib/python3.8/site-packages/airflow/example_dags/example_bash_operator.py took 0.195 seconds
[2022-04-21 22:54:24,323] {processor.py:163} INFO - Started process (PID=1316) to work on /home/daalonso/.local/lib/python3.8/site-packages/airflow/example_dags/example_bash_operator.py
[2022-04-21 22:54:24,326] {processor.py:625} INFO - Processing file /home/daalonso/.local/lib/python3.8/site-packages/airflow/example_dags/example_bash_operator.py for tasks to queue
[2022-04-21 22:54:24,327] {logging_mixin.py:109} INFO - [2022-04-21 22:54:24,327] {dagbag.py:500} INFO - Filling up the DagBag from /home/daalonso/.local/lib/python3.8/site-packages/airflow/example_dags/example_bash_operator.py
[2022-04-21 22:54:24,405] {processor.py:637} INFO - DAG(s) dict_keys(['example_bash_operator']) retrieved from /home/daalonso/.local/lib/python3.8/site-packages/airflow/example_dags/example_bash_operator.py
[2022-04-21 22:54:24,427] {logging_mixin.py:109} INFO - [2022-04-21 22:54:24,427] {dag.py:2396} INFO - Sync 1 DAGs
[2022-04-21 22:54:24,454] {logging_mixin.py:109} INFO - [2022-04-21 22:54:24,454] {dag.py:2928} INFO - Setting next_dagrun for example_bash_operator to 2022-04-21 00:00:00+00:00
[2022-04-21 22:54:24,471] {processor.py:171} INFO - Processing /home/daalonso/.local/lib/python3.8/site-packages/airflow/example_dags/example_bash_operator.py took 0.157 seconds
[2022-04-21 22:55:20,315] {processor.py:163} INFO - Started process (PID=1414) to work on /home/daalonso/.local/lib/python3.8/site-packages/airflow/example_dags/example_bash_operator.py
[2022-04-21 22:55:20,319] {processor.py:625} INFO - Processing file /home/daalonso/.local/lib/python3.8/site-packages/airflow/example_dags/example_bash_operator.py for tasks to queue
[2022-04-21 22:55:20,321] {logging_mixin.py:109} INFO - [2022-04-21 22:55:20,320] {dagbag.py:500} INFO - Filling up the DagBag from /home/daalonso/.local/lib/python3.8/site-packages/airflow/example_dags/example_bash_operator.py
[2022-04-21 22:55:20,401] {processor.py:637} INFO - DAG(s) dict_keys(['example_bash_operator']) retrieved from /home/daalonso/.local/lib/python3.8/site-packages/airflow/example_dags/example_bash_operator.py
[2022-04-21 22:55:20,425] {logging_mixin.py:109} INFO - [2022-04-21 22:55:20,425] {dag.py:2396} INFO - Sync 1 DAGs
[2022-04-21 22:55:20,455] {logging_mixin.py:109} INFO - [2022-04-21 22:55:20,455] {dag.py:2928} INFO - Setting next_dagrun for example_bash_operator to 2022-04-21 00:00:00+00:00
[2022-04-21 22:55:20,481] {processor.py:171} INFO - Processing /home/daalonso/.local/lib/python3.8/site-packages/airflow/example_dags/example_bash_operator.py took 0.177 seconds
[2022-04-21 22:56:18,815] {processor.py:163} INFO - Started process (PID=1509) to work on /home/daalonso/.local/lib/python3.8/site-packages/airflow/example_dags/example_bash_operator.py
[2022-04-21 22:56:18,820] {processor.py:625} INFO - Processing file /home/daalonso/.local/lib/python3.8/site-packages/airflow/example_dags/example_bash_operator.py for tasks to queue
[2022-04-21 22:56:18,822] {logging_mixin.py:109} INFO - [2022-04-21 22:56:18,821] {dagbag.py:500} INFO - Filling up the DagBag from /home/daalonso/.local/lib/python3.8/site-packages/airflow/example_dags/example_bash_operator.py
[2022-04-21 22:56:18,896] {processor.py:637} INFO - DAG(s) dict_keys(['example_bash_operator']) retrieved from /home/daalonso/.local/lib/python3.8/site-packages/airflow/example_dags/example_bash_operator.py
[2022-04-21 22:56:18,919] {logging_mixin.py:109} INFO - [2022-04-21 22:56:18,919] {dag.py:2396} INFO - Sync 1 DAGs
[2022-04-21 22:56:18,950] {logging_mixin.py:109} INFO - [2022-04-21 22:56:18,949] {dag.py:2928} INFO - Setting next_dagrun for example_bash_operator to 2022-04-21 00:00:00+00:00
[2022-04-21 22:56:18,971] {processor.py:171} INFO - Processing /home/daalonso/.local/lib/python3.8/site-packages/airflow/example_dags/example_bash_operator.py took 0.165 seconds
