[2022-04-21 22:50:54,618] {processor.py:163} INFO - Started process (PID=856) to work on /home/daalonso/.local/lib/python3.8/site-packages/airflow/example_dags/example_task_group.py
[2022-04-21 22:50:54,621] {processor.py:625} INFO - Processing file /home/daalonso/.local/lib/python3.8/site-packages/airflow/example_dags/example_task_group.py for tasks to queue
[2022-04-21 22:50:54,635] {logging_mixin.py:109} INFO - [2022-04-21 22:50:54,622] {dagbag.py:500} INFO - Filling up the DagBag from /home/daalonso/.local/lib/python3.8/site-packages/airflow/example_dags/example_task_group.py
[2022-04-21 22:50:54,708] {processor.py:637} INFO - DAG(s) dict_keys(['example_task_group']) retrieved from /home/daalonso/.local/lib/python3.8/site-packages/airflow/example_dags/example_task_group.py
[2022-04-21 22:50:54,733] {logging_mixin.py:109} INFO - [2022-04-21 22:50:54,733] {dag.py:2396} INFO - Sync 1 DAGs
[2022-04-21 22:50:54,757] {logging_mixin.py:109} INFO - [2022-04-21 22:50:54,757] {dag.py:2928} INFO - Setting next_dagrun for example_task_group to 2022-04-21T01:50:54.756925+00:00
[2022-04-21 22:50:54,787] {processor.py:171} INFO - Processing /home/daalonso/.local/lib/python3.8/site-packages/airflow/example_dags/example_task_group.py took 0.182 seconds
[2022-04-21 22:51:44,757] {processor.py:163} INFO - Started process (PID=929) to work on /home/daalonso/.local/lib/python3.8/site-packages/airflow/example_dags/example_task_group.py
[2022-04-21 22:51:44,761] {processor.py:625} INFO - Processing file /home/daalonso/.local/lib/python3.8/site-packages/airflow/example_dags/example_task_group.py for tasks to queue
[2022-04-21 22:51:44,764] {logging_mixin.py:109} INFO - [2022-04-21 22:51:44,763] {dagbag.py:500} INFO - Filling up the DagBag from /home/daalonso/.local/lib/python3.8/site-packages/airflow/example_dags/example_task_group.py
[2022-04-21 22:51:44,852] {processor.py:637} INFO - DAG(s) dict_keys(['example_task_group']) retrieved from /home/daalonso/.local/lib/python3.8/site-packages/airflow/example_dags/example_task_group.py
[2022-04-21 22:51:44,884] {logging_mixin.py:109} INFO - [2022-04-21 22:51:44,884] {dag.py:2396} INFO - Sync 1 DAGs
[2022-04-21 22:51:44,915] {logging_mixin.py:109} INFO - [2022-04-21 22:51:44,915] {dag.py:2928} INFO - Setting next_dagrun for example_task_group to 2022-04-21T01:51:44.914768+00:00
[2022-04-21 22:51:44,930] {processor.py:171} INFO - Processing /home/daalonso/.local/lib/python3.8/site-packages/airflow/example_dags/example_task_group.py took 0.182 seconds
[2022-04-21 22:52:36,038] {processor.py:163} INFO - Started process (PID=1045) to work on /home/daalonso/.local/lib/python3.8/site-packages/airflow/example_dags/example_task_group.py
[2022-04-21 22:52:36,040] {processor.py:625} INFO - Processing file /home/daalonso/.local/lib/python3.8/site-packages/airflow/example_dags/example_task_group.py for tasks to queue
[2022-04-21 22:52:36,041] {logging_mixin.py:109} INFO - [2022-04-21 22:52:36,041] {dagbag.py:500} INFO - Filling up the DagBag from /home/daalonso/.local/lib/python3.8/site-packages/airflow/example_dags/example_task_group.py
[2022-04-21 22:52:36,106] {processor.py:637} INFO - DAG(s) dict_keys(['example_task_group']) retrieved from /home/daalonso/.local/lib/python3.8/site-packages/airflow/example_dags/example_task_group.py
[2022-04-21 22:52:36,129] {logging_mixin.py:109} INFO - [2022-04-21 22:52:36,129] {dag.py:2396} INFO - Sync 1 DAGs
[2022-04-21 22:52:36,172] {logging_mixin.py:109} INFO - [2022-04-21 22:52:36,171] {dag.py:2928} INFO - Setting next_dagrun for example_task_group to 2022-04-21T01:52:36.171167+00:00
[2022-04-21 22:52:36,193] {processor.py:171} INFO - Processing /home/daalonso/.local/lib/python3.8/site-packages/airflow/example_dags/example_task_group.py took 0.162 seconds
[2022-04-21 22:53:36,268] {processor.py:163} INFO - Started process (PID=1241) to work on /home/daalonso/.local/lib/python3.8/site-packages/airflow/example_dags/example_task_group.py
[2022-04-21 22:53:36,272] {processor.py:625} INFO - Processing file /home/daalonso/.local/lib/python3.8/site-packages/airflow/example_dags/example_task_group.py for tasks to queue
[2022-04-21 22:53:36,277] {logging_mixin.py:109} INFO - [2022-04-21 22:53:36,277] {dagbag.py:500} INFO - Filling up the DagBag from /home/daalonso/.local/lib/python3.8/site-packages/airflow/example_dags/example_task_group.py
[2022-04-21 22:53:36,344] {processor.py:637} INFO - DAG(s) dict_keys(['example_task_group']) retrieved from /home/daalonso/.local/lib/python3.8/site-packages/airflow/example_dags/example_task_group.py
[2022-04-21 22:53:36,361] {logging_mixin.py:109} INFO - [2022-04-21 22:53:36,361] {dag.py:2396} INFO - Sync 1 DAGs
[2022-04-21 22:53:36,382] {logging_mixin.py:109} INFO - [2022-04-21 22:53:36,382] {dag.py:2928} INFO - Setting next_dagrun for example_task_group to 2022-04-21T01:53:36.381951+00:00
[2022-04-21 22:53:36,396] {processor.py:171} INFO - Processing /home/daalonso/.local/lib/python3.8/site-packages/airflow/example_dags/example_task_group.py took 0.145 seconds
[2022-04-21 22:54:35,737] {processor.py:163} INFO - Started process (PID=1342) to work on /home/daalonso/.local/lib/python3.8/site-packages/airflow/example_dags/example_task_group.py
[2022-04-21 22:54:35,739] {processor.py:625} INFO - Processing file /home/daalonso/.local/lib/python3.8/site-packages/airflow/example_dags/example_task_group.py for tasks to queue
[2022-04-21 22:54:35,740] {logging_mixin.py:109} INFO - [2022-04-21 22:54:35,740] {dagbag.py:500} INFO - Filling up the DagBag from /home/daalonso/.local/lib/python3.8/site-packages/airflow/example_dags/example_task_group.py
[2022-04-21 22:54:35,790] {processor.py:637} INFO - DAG(s) dict_keys(['example_task_group']) retrieved from /home/daalonso/.local/lib/python3.8/site-packages/airflow/example_dags/example_task_group.py
[2022-04-21 22:54:35,805] {logging_mixin.py:109} INFO - [2022-04-21 22:54:35,805] {dag.py:2396} INFO - Sync 1 DAGs
[2022-04-21 22:54:35,823] {logging_mixin.py:109} INFO - [2022-04-21 22:54:35,823] {dag.py:2928} INFO - Setting next_dagrun for example_task_group to 2022-04-21T01:54:35.822827+00:00
[2022-04-21 22:54:35,843] {processor.py:171} INFO - Processing /home/daalonso/.local/lib/python3.8/site-packages/airflow/example_dags/example_task_group.py took 0.111 seconds
[2022-04-21 22:55:30,647] {processor.py:163} INFO - Started process (PID=1428) to work on /home/daalonso/.local/lib/python3.8/site-packages/airflow/example_dags/example_task_group.py
[2022-04-21 22:55:30,650] {processor.py:625} INFO - Processing file /home/daalonso/.local/lib/python3.8/site-packages/airflow/example_dags/example_task_group.py for tasks to queue
[2022-04-21 22:55:30,651] {logging_mixin.py:109} INFO - [2022-04-21 22:55:30,651] {dagbag.py:500} INFO - Filling up the DagBag from /home/daalonso/.local/lib/python3.8/site-packages/airflow/example_dags/example_task_group.py
[2022-04-21 22:55:30,721] {processor.py:637} INFO - DAG(s) dict_keys(['example_task_group']) retrieved from /home/daalonso/.local/lib/python3.8/site-packages/airflow/example_dags/example_task_group.py
[2022-04-21 22:55:30,747] {logging_mixin.py:109} INFO - [2022-04-21 22:55:30,746] {dag.py:2396} INFO - Sync 1 DAGs
[2022-04-21 22:55:30,773] {logging_mixin.py:109} INFO - [2022-04-21 22:55:30,773] {dag.py:2928} INFO - Setting next_dagrun for example_task_group to 2022-04-21T01:55:30.772580+00:00
[2022-04-21 22:55:30,792] {processor.py:171} INFO - Processing /home/daalonso/.local/lib/python3.8/site-packages/airflow/example_dags/example_task_group.py took 0.153 seconds
[2022-04-21 22:56:29,181] {processor.py:163} INFO - Started process (PID=1524) to work on /home/daalonso/.local/lib/python3.8/site-packages/airflow/example_dags/example_task_group.py
[2022-04-21 22:56:29,193] {processor.py:625} INFO - Processing file /home/daalonso/.local/lib/python3.8/site-packages/airflow/example_dags/example_task_group.py for tasks to queue
[2022-04-21 22:56:29,194] {logging_mixin.py:109} INFO - [2022-04-21 22:56:29,194] {dagbag.py:500} INFO - Filling up the DagBag from /home/daalonso/.local/lib/python3.8/site-packages/airflow/example_dags/example_task_group.py
[2022-04-21 22:56:29,275] {processor.py:637} INFO - DAG(s) dict_keys(['example_task_group']) retrieved from /home/daalonso/.local/lib/python3.8/site-packages/airflow/example_dags/example_task_group.py
[2022-04-21 22:56:29,307] {logging_mixin.py:109} INFO - [2022-04-21 22:56:29,307] {dag.py:2396} INFO - Sync 1 DAGs
[2022-04-21 22:56:29,337] {logging_mixin.py:109} INFO - [2022-04-21 22:56:29,337] {dag.py:2928} INFO - Setting next_dagrun for example_task_group to 2022-04-21T01:56:29.336294+00:00
[2022-04-21 22:56:29,361] {processor.py:171} INFO - Processing /home/daalonso/.local/lib/python3.8/site-packages/airflow/example_dags/example_task_group.py took 0.189 seconds
