[2022-04-21 22:50:57,175] {processor.py:163} INFO - Started process (PID=860) to work on /home/daalonso/.local/lib/python3.8/site-packages/airflow/example_dags/example_skip_dag.py
[2022-04-21 22:50:57,177] {processor.py:625} INFO - Processing file /home/daalonso/.local/lib/python3.8/site-packages/airflow/example_dags/example_skip_dag.py for tasks to queue
[2022-04-21 22:50:57,178] {logging_mixin.py:109} INFO - [2022-04-21 22:50:57,178] {dagbag.py:500} INFO - Filling up the DagBag from /home/daalonso/.local/lib/python3.8/site-packages/airflow/example_dags/example_skip_dag.py
[2022-04-21 22:50:57,284] {processor.py:637} INFO - DAG(s) dict_keys(['example_skip_dag']) retrieved from /home/daalonso/.local/lib/python3.8/site-packages/airflow/example_dags/example_skip_dag.py
[2022-04-21 22:50:57,323] {logging_mixin.py:109} INFO - [2022-04-21 22:50:57,323] {dag.py:2396} INFO - Sync 1 DAGs
[2022-04-21 22:50:57,360] {logging_mixin.py:109} INFO - [2022-04-21 22:50:57,360] {dag.py:2928} INFO - Setting next_dagrun for example_skip_dag to 2022-04-21T01:50:57.359808+00:00
[2022-04-21 22:50:57,379] {processor.py:171} INFO - Processing /home/daalonso/.local/lib/python3.8/site-packages/airflow/example_dags/example_skip_dag.py took 0.213 seconds
[2022-04-21 22:51:46,716] {processor.py:163} INFO - Started process (PID=932) to work on /home/daalonso/.local/lib/python3.8/site-packages/airflow/example_dags/example_skip_dag.py
[2022-04-21 22:51:46,726] {processor.py:625} INFO - Processing file /home/daalonso/.local/lib/python3.8/site-packages/airflow/example_dags/example_skip_dag.py for tasks to queue
[2022-04-21 22:51:46,727] {logging_mixin.py:109} INFO - [2022-04-21 22:51:46,727] {dagbag.py:500} INFO - Filling up the DagBag from /home/daalonso/.local/lib/python3.8/site-packages/airflow/example_dags/example_skip_dag.py
[2022-04-21 22:51:46,773] {processor.py:637} INFO - DAG(s) dict_keys(['example_skip_dag']) retrieved from /home/daalonso/.local/lib/python3.8/site-packages/airflow/example_dags/example_skip_dag.py
[2022-04-21 22:51:46,792] {logging_mixin.py:109} INFO - [2022-04-21 22:51:46,792] {dag.py:2396} INFO - Sync 1 DAGs
[2022-04-21 22:51:46,822] {logging_mixin.py:109} INFO - [2022-04-21 22:51:46,822] {dag.py:2928} INFO - Setting next_dagrun for example_skip_dag to 2022-04-21T01:51:46.822014+00:00
[2022-04-21 22:51:46,838] {processor.py:171} INFO - Processing /home/daalonso/.local/lib/python3.8/site-packages/airflow/example_dags/example_skip_dag.py took 0.129 seconds
[2022-04-21 22:52:38,743] {processor.py:163} INFO - Started process (PID=1060) to work on /home/daalonso/.local/lib/python3.8/site-packages/airflow/example_dags/example_skip_dag.py
[2022-04-21 22:52:38,748] {processor.py:625} INFO - Processing file /home/daalonso/.local/lib/python3.8/site-packages/airflow/example_dags/example_skip_dag.py for tasks to queue
[2022-04-21 22:52:38,749] {logging_mixin.py:109} INFO - [2022-04-21 22:52:38,749] {dagbag.py:500} INFO - Filling up the DagBag from /home/daalonso/.local/lib/python3.8/site-packages/airflow/example_dags/example_skip_dag.py
[2022-04-21 22:52:38,811] {processor.py:637} INFO - DAG(s) dict_keys(['example_skip_dag']) retrieved from /home/daalonso/.local/lib/python3.8/site-packages/airflow/example_dags/example_skip_dag.py
[2022-04-21 22:52:38,841] {logging_mixin.py:109} INFO - [2022-04-21 22:52:38,841] {dag.py:2396} INFO - Sync 1 DAGs
[2022-04-21 22:52:38,867] {logging_mixin.py:109} INFO - [2022-04-21 22:52:38,867] {dag.py:2928} INFO - Setting next_dagrun for example_skip_dag to 2022-04-21T01:52:38.866374+00:00
[2022-04-21 22:52:38,890] {processor.py:171} INFO - Processing /home/daalonso/.local/lib/python3.8/site-packages/airflow/example_dags/example_skip_dag.py took 0.154 seconds
[2022-04-21 22:53:38,934] {processor.py:163} INFO - Started process (PID=1246) to work on /home/daalonso/.local/lib/python3.8/site-packages/airflow/example_dags/example_skip_dag.py
[2022-04-21 22:53:38,936] {processor.py:625} INFO - Processing file /home/daalonso/.local/lib/python3.8/site-packages/airflow/example_dags/example_skip_dag.py for tasks to queue
[2022-04-21 22:53:38,937] {logging_mixin.py:109} INFO - [2022-04-21 22:53:38,937] {dagbag.py:500} INFO - Filling up the DagBag from /home/daalonso/.local/lib/python3.8/site-packages/airflow/example_dags/example_skip_dag.py
[2022-04-21 22:53:39,002] {processor.py:637} INFO - DAG(s) dict_keys(['example_skip_dag']) retrieved from /home/daalonso/.local/lib/python3.8/site-packages/airflow/example_dags/example_skip_dag.py
[2022-04-21 22:53:39,020] {logging_mixin.py:109} INFO - [2022-04-21 22:53:39,020] {dag.py:2396} INFO - Sync 1 DAGs
[2022-04-21 22:53:39,044] {logging_mixin.py:109} INFO - [2022-04-21 22:53:39,044] {dag.py:2928} INFO - Setting next_dagrun for example_skip_dag to 2022-04-21T01:53:39.043797+00:00
[2022-04-21 22:53:39,063] {processor.py:171} INFO - Processing /home/daalonso/.local/lib/python3.8/site-packages/airflow/example_dags/example_skip_dag.py took 0.138 seconds
[2022-04-21 22:54:38,369] {processor.py:163} INFO - Started process (PID=1346) to work on /home/daalonso/.local/lib/python3.8/site-packages/airflow/example_dags/example_skip_dag.py
[2022-04-21 22:54:38,371] {processor.py:625} INFO - Processing file /home/daalonso/.local/lib/python3.8/site-packages/airflow/example_dags/example_skip_dag.py for tasks to queue
[2022-04-21 22:54:38,373] {logging_mixin.py:109} INFO - [2022-04-21 22:54:38,373] {dagbag.py:500} INFO - Filling up the DagBag from /home/daalonso/.local/lib/python3.8/site-packages/airflow/example_dags/example_skip_dag.py
[2022-04-21 22:54:38,434] {processor.py:637} INFO - DAG(s) dict_keys(['example_skip_dag']) retrieved from /home/daalonso/.local/lib/python3.8/site-packages/airflow/example_dags/example_skip_dag.py
[2022-04-21 22:54:38,456] {logging_mixin.py:109} INFO - [2022-04-21 22:54:38,456] {dag.py:2396} INFO - Sync 1 DAGs
[2022-04-21 22:54:38,494] {logging_mixin.py:109} INFO - [2022-04-21 22:54:38,494] {dag.py:2928} INFO - Setting next_dagrun for example_skip_dag to 2022-04-21T01:54:38.493735+00:00
[2022-04-21 22:54:38,521] {processor.py:171} INFO - Processing /home/daalonso/.local/lib/python3.8/site-packages/airflow/example_dags/example_skip_dag.py took 0.158 seconds
[2022-04-21 22:55:33,428] {processor.py:163} INFO - Started process (PID=1432) to work on /home/daalonso/.local/lib/python3.8/site-packages/airflow/example_dags/example_skip_dag.py
[2022-04-21 22:55:33,431] {processor.py:625} INFO - Processing file /home/daalonso/.local/lib/python3.8/site-packages/airflow/example_dags/example_skip_dag.py for tasks to queue
[2022-04-21 22:55:33,432] {logging_mixin.py:109} INFO - [2022-04-21 22:55:33,432] {dagbag.py:500} INFO - Filling up the DagBag from /home/daalonso/.local/lib/python3.8/site-packages/airflow/example_dags/example_skip_dag.py
[2022-04-21 22:55:33,493] {processor.py:637} INFO - DAG(s) dict_keys(['example_skip_dag']) retrieved from /home/daalonso/.local/lib/python3.8/site-packages/airflow/example_dags/example_skip_dag.py
[2022-04-21 22:55:33,509] {logging_mixin.py:109} INFO - [2022-04-21 22:55:33,508] {dag.py:2396} INFO - Sync 1 DAGs
[2022-04-21 22:55:33,523] {logging_mixin.py:109} INFO - [2022-04-21 22:55:33,523] {dag.py:2928} INFO - Setting next_dagrun for example_skip_dag to 2022-04-21T01:55:33.523325+00:00
[2022-04-21 22:55:33,544] {processor.py:171} INFO - Processing /home/daalonso/.local/lib/python3.8/site-packages/airflow/example_dags/example_skip_dag.py took 0.125 seconds
[2022-04-21 22:56:31,066] {processor.py:163} INFO - Started process (PID=1527) to work on /home/daalonso/.local/lib/python3.8/site-packages/airflow/example_dags/example_skip_dag.py
[2022-04-21 22:56:31,077] {processor.py:625} INFO - Processing file /home/daalonso/.local/lib/python3.8/site-packages/airflow/example_dags/example_skip_dag.py for tasks to queue
[2022-04-21 22:56:31,078] {logging_mixin.py:109} INFO - [2022-04-21 22:56:31,078] {dagbag.py:500} INFO - Filling up the DagBag from /home/daalonso/.local/lib/python3.8/site-packages/airflow/example_dags/example_skip_dag.py
[2022-04-21 22:56:31,134] {processor.py:637} INFO - DAG(s) dict_keys(['example_skip_dag']) retrieved from /home/daalonso/.local/lib/python3.8/site-packages/airflow/example_dags/example_skip_dag.py
[2022-04-21 22:56:31,162] {logging_mixin.py:109} INFO - [2022-04-21 22:56:31,162] {dag.py:2396} INFO - Sync 1 DAGs
[2022-04-21 22:56:31,192] {logging_mixin.py:109} INFO - [2022-04-21 22:56:31,191] {dag.py:2928} INFO - Setting next_dagrun for example_skip_dag to 2022-04-21T01:56:31.191035+00:00
[2022-04-21 22:56:31,219] {processor.py:171} INFO - Processing /home/daalonso/.local/lib/python3.8/site-packages/airflow/example_dags/example_skip_dag.py took 0.161 seconds
