[2022-04-21 22:50:49,190] {processor.py:163} INFO - Started process (PID=847) to work on /home/daalonso/.local/lib/python3.8/site-packages/airflow/example_dags/example_xcom.py
[2022-04-21 22:50:49,194] {processor.py:625} INFO - Processing file /home/daalonso/.local/lib/python3.8/site-packages/airflow/example_dags/example_xcom.py for tasks to queue
[2022-04-21 22:50:49,197] {logging_mixin.py:109} INFO - [2022-04-21 22:50:49,197] {dagbag.py:500} INFO - Filling up the DagBag from /home/daalonso/.local/lib/python3.8/site-packages/airflow/example_dags/example_xcom.py
[2022-04-21 22:50:49,304] {processor.py:637} INFO - DAG(s) dict_keys(['example_xcom']) retrieved from /home/daalonso/.local/lib/python3.8/site-packages/airflow/example_dags/example_xcom.py
[2022-04-21 22:50:49,317] {logging_mixin.py:109} INFO - [2022-04-21 22:50:49,316] {dag.py:2396} INFO - Sync 1 DAGs
[2022-04-21 22:50:49,365] {logging_mixin.py:109} INFO - [2022-04-21 22:50:49,365] {dag.py:2928} INFO - Setting next_dagrun for example_xcom to 2021-01-01T00:00:00+00:00
[2022-04-21 22:50:49,384] {processor.py:171} INFO - Processing /home/daalonso/.local/lib/python3.8/site-packages/airflow/example_dags/example_xcom.py took 0.207 seconds
[2022-04-21 22:51:36,798] {processor.py:163} INFO - Started process (PID=918) to work on /home/daalonso/.local/lib/python3.8/site-packages/airflow/example_dags/example_xcom.py
[2022-04-21 22:51:36,802] {processor.py:625} INFO - Processing file /home/daalonso/.local/lib/python3.8/site-packages/airflow/example_dags/example_xcom.py for tasks to queue
[2022-04-21 22:51:36,804] {logging_mixin.py:109} INFO - [2022-04-21 22:51:36,804] {dagbag.py:500} INFO - Filling up the DagBag from /home/daalonso/.local/lib/python3.8/site-packages/airflow/example_dags/example_xcom.py
[2022-04-21 22:51:36,871] {processor.py:637} INFO - DAG(s) dict_keys(['example_xcom']) retrieved from /home/daalonso/.local/lib/python3.8/site-packages/airflow/example_dags/example_xcom.py
[2022-04-21 22:51:37,632] {logging_mixin.py:109} INFO - [2022-04-21 22:51:37,632] {dag.py:2396} INFO - Sync 1 DAGs
[2022-04-21 22:51:37,655] {logging_mixin.py:109} INFO - [2022-04-21 22:51:37,655] {dag.py:2928} INFO - Setting next_dagrun for example_xcom to 2021-01-01T00:00:00+00:00
[2022-04-21 22:51:37,677] {processor.py:171} INFO - Processing /home/daalonso/.local/lib/python3.8/site-packages/airflow/example_dags/example_xcom.py took 0.884 seconds
[2022-04-21 22:52:27,679] {processor.py:163} INFO - Started process (PID=1016) to work on /home/daalonso/.local/lib/python3.8/site-packages/airflow/example_dags/example_xcom.py
[2022-04-21 22:52:27,682] {processor.py:625} INFO - Processing file /home/daalonso/.local/lib/python3.8/site-packages/airflow/example_dags/example_xcom.py for tasks to queue
[2022-04-21 22:52:27,683] {logging_mixin.py:109} INFO - [2022-04-21 22:52:27,683] {dagbag.py:500} INFO - Filling up the DagBag from /home/daalonso/.local/lib/python3.8/site-packages/airflow/example_dags/example_xcom.py
[2022-04-21 22:52:27,740] {processor.py:637} INFO - DAG(s) dict_keys(['example_xcom']) retrieved from /home/daalonso/.local/lib/python3.8/site-packages/airflow/example_dags/example_xcom.py
[2022-04-21 22:52:28,435] {logging_mixin.py:109} INFO - [2022-04-21 22:52:28,435] {dag.py:2396} INFO - Sync 1 DAGs
[2022-04-21 22:52:28,456] {logging_mixin.py:109} INFO - [2022-04-21 22:52:28,456] {dag.py:2928} INFO - Setting next_dagrun for example_xcom to 2021-01-01T00:00:00+00:00
[2022-04-21 22:52:28,473] {processor.py:171} INFO - Processing /home/daalonso/.local/lib/python3.8/site-packages/airflow/example_dags/example_xcom.py took 0.802 seconds
[2022-04-21 22:53:09,785] {processor.py:163} INFO - Started process (PID=1134) to work on /home/daalonso/.local/lib/python3.8/site-packages/airflow/example_dags/example_xcom.py
[2022-04-21 22:53:09,789] {processor.py:625} INFO - Processing file /home/daalonso/.local/lib/python3.8/site-packages/airflow/example_dags/example_xcom.py for tasks to queue
[2022-04-21 22:53:09,791] {logging_mixin.py:109} INFO - [2022-04-21 22:53:09,791] {dagbag.py:500} INFO - Filling up the DagBag from /home/daalonso/.local/lib/python3.8/site-packages/airflow/example_dags/example_xcom.py
[2022-04-21 22:53:09,922] {processor.py:637} INFO - DAG(s) dict_keys(['example_xcom']) retrieved from /home/daalonso/.local/lib/python3.8/site-packages/airflow/example_dags/example_xcom.py
[2022-04-21 22:53:10,630] {logging_mixin.py:109} INFO - [2022-04-21 22:53:10,630] {dag.py:2396} INFO - Sync 1 DAGs
[2022-04-21 22:53:10,644] {logging_mixin.py:109} INFO - [2022-04-21 22:53:10,644] {dag.py:2928} INFO - Setting next_dagrun for example_xcom to 2021-01-01T00:00:00+00:00
[2022-04-21 22:53:10,665] {processor.py:171} INFO - Processing /home/daalonso/.local/lib/python3.8/site-packages/airflow/example_dags/example_xcom.py took 0.893 seconds
[2022-04-21 22:53:51,664] {processor.py:163} INFO - Started process (PID=1269) to work on /home/daalonso/.local/lib/python3.8/site-packages/airflow/example_dags/example_xcom.py
[2022-04-21 22:53:51,666] {processor.py:625} INFO - Processing file /home/daalonso/.local/lib/python3.8/site-packages/airflow/example_dags/example_xcom.py for tasks to queue
[2022-04-21 22:53:51,667] {logging_mixin.py:109} INFO - [2022-04-21 22:53:51,667] {dagbag.py:500} INFO - Filling up the DagBag from /home/daalonso/.local/lib/python3.8/site-packages/airflow/example_dags/example_xcom.py
[2022-04-21 22:53:51,717] {processor.py:637} INFO - DAG(s) dict_keys(['example_xcom']) retrieved from /home/daalonso/.local/lib/python3.8/site-packages/airflow/example_dags/example_xcom.py
[2022-04-21 22:53:52,340] {logging_mixin.py:109} INFO - [2022-04-21 22:53:52,340] {dag.py:2396} INFO - Sync 1 DAGs
[2022-04-21 22:53:52,355] {logging_mixin.py:109} INFO - [2022-04-21 22:53:52,355] {dag.py:2928} INFO - Setting next_dagrun for example_xcom to 2021-01-01T00:00:00+00:00
[2022-04-21 22:53:52,377] {processor.py:171} INFO - Processing /home/daalonso/.local/lib/python3.8/site-packages/airflow/example_dags/example_xcom.py took 0.718 seconds
[2022-04-21 22:54:30,948] {processor.py:163} INFO - Started process (PID=1326) to work on /home/daalonso/.local/lib/python3.8/site-packages/airflow/example_dags/example_xcom.py
[2022-04-21 22:54:30,951] {processor.py:625} INFO - Processing file /home/daalonso/.local/lib/python3.8/site-packages/airflow/example_dags/example_xcom.py for tasks to queue
[2022-04-21 22:54:30,953] {logging_mixin.py:109} INFO - [2022-04-21 22:54:30,952] {dagbag.py:500} INFO - Filling up the DagBag from /home/daalonso/.local/lib/python3.8/site-packages/airflow/example_dags/example_xcom.py
[2022-04-21 22:54:31,041] {processor.py:637} INFO - DAG(s) dict_keys(['example_xcom']) retrieved from /home/daalonso/.local/lib/python3.8/site-packages/airflow/example_dags/example_xcom.py
[2022-04-21 22:54:31,883] {logging_mixin.py:109} INFO - [2022-04-21 22:54:31,883] {dag.py:2396} INFO - Sync 1 DAGs
[2022-04-21 22:54:31,907] {logging_mixin.py:109} INFO - [2022-04-21 22:54:31,906] {dag.py:2928} INFO - Setting next_dagrun for example_xcom to 2021-01-01T00:00:00+00:00
[2022-04-21 22:54:31,930] {processor.py:171} INFO - Processing /home/daalonso/.local/lib/python3.8/site-packages/airflow/example_dags/example_xcom.py took 0.993 seconds
[2022-04-21 22:55:10,974] {processor.py:163} INFO - Started process (PID=1400) to work on /home/daalonso/.local/lib/python3.8/site-packages/airflow/example_dags/example_xcom.py
[2022-04-21 22:55:10,978] {processor.py:625} INFO - Processing file /home/daalonso/.local/lib/python3.8/site-packages/airflow/example_dags/example_xcom.py for tasks to queue
[2022-04-21 22:55:10,980] {logging_mixin.py:109} INFO - [2022-04-21 22:55:10,980] {dagbag.py:500} INFO - Filling up the DagBag from /home/daalonso/.local/lib/python3.8/site-packages/airflow/example_dags/example_xcom.py
[2022-04-21 22:55:11,071] {processor.py:637} INFO - DAG(s) dict_keys(['example_xcom']) retrieved from /home/daalonso/.local/lib/python3.8/site-packages/airflow/example_dags/example_xcom.py
[2022-04-21 22:55:11,676] {logging_mixin.py:109} INFO - [2022-04-21 22:55:11,676] {dag.py:2396} INFO - Sync 1 DAGs
[2022-04-21 22:55:11,698] {logging_mixin.py:109} INFO - [2022-04-21 22:55:11,698] {dag.py:2928} INFO - Setting next_dagrun for example_xcom to 2021-01-01T00:00:00+00:00
[2022-04-21 22:55:11,721] {processor.py:171} INFO - Processing /home/daalonso/.local/lib/python3.8/site-packages/airflow/example_dags/example_xcom.py took 0.762 seconds
[2022-04-21 22:56:07,041] {processor.py:163} INFO - Started process (PID=1486) to work on /home/daalonso/.local/lib/python3.8/site-packages/airflow/example_dags/example_xcom.py
[2022-04-21 22:56:07,044] {processor.py:625} INFO - Processing file /home/daalonso/.local/lib/python3.8/site-packages/airflow/example_dags/example_xcom.py for tasks to queue
[2022-04-21 22:56:07,045] {logging_mixin.py:109} INFO - [2022-04-21 22:56:07,045] {dagbag.py:500} INFO - Filling up the DagBag from /home/daalonso/.local/lib/python3.8/site-packages/airflow/example_dags/example_xcom.py
[2022-04-21 22:56:07,113] {processor.py:637} INFO - DAG(s) dict_keys(['example_xcom']) retrieved from /home/daalonso/.local/lib/python3.8/site-packages/airflow/example_dags/example_xcom.py
[2022-04-21 22:56:07,662] {logging_mixin.py:109} INFO - [2022-04-21 22:56:07,662] {dag.py:2396} INFO - Sync 1 DAGs
[2022-04-21 22:56:07,677] {logging_mixin.py:109} INFO - [2022-04-21 22:56:07,677] {dag.py:2928} INFO - Setting next_dagrun for example_xcom to 2021-01-01T00:00:00+00:00
[2022-04-21 22:56:07,691] {processor.py:171} INFO - Processing /home/daalonso/.local/lib/python3.8/site-packages/airflow/example_dags/example_xcom.py took 0.659 seconds
