[2022-04-21 22:51:16,928] {processor.py:163} INFO - Started process (PID=890) to work on /home/daalonso/.local/lib/python3.8/site-packages/airflow/example_dags/example_branch_day_of_week_operator.py
[2022-04-21 22:51:16,931] {processor.py:625} INFO - Processing file /home/daalonso/.local/lib/python3.8/site-packages/airflow/example_dags/example_branch_day_of_week_operator.py for tasks to queue
[2022-04-21 22:51:16,933] {logging_mixin.py:109} INFO - [2022-04-21 22:51:16,933] {dagbag.py:500} INFO - Filling up the DagBag from /home/daalonso/.local/lib/python3.8/site-packages/airflow/example_dags/example_branch_day_of_week_operator.py
[2022-04-21 22:51:16,998] {processor.py:637} INFO - DAG(s) dict_keys(['example_weekday_branch_operator']) retrieved from /home/daalonso/.local/lib/python3.8/site-packages/airflow/example_dags/example_branch_day_of_week_operator.py
[2022-04-21 22:51:17,014] {logging_mixin.py:109} INFO - [2022-04-21 22:51:17,014] {dag.py:2396} INFO - Sync 1 DAGs
[2022-04-21 22:51:17,035] {logging_mixin.py:109} INFO - [2022-04-21 22:51:17,034] {dag.py:2928} INFO - Setting next_dagrun for example_weekday_branch_operator to 2022-04-21 00:00:00+00:00
[2022-04-21 22:51:17,046] {processor.py:171} INFO - Processing /home/daalonso/.local/lib/python3.8/site-packages/airflow/example_dags/example_branch_day_of_week_operator.py took 0.126 seconds
[2022-04-21 22:52:18,023] {processor.py:163} INFO - Started process (PID=1001) to work on /home/daalonso/.local/lib/python3.8/site-packages/airflow/example_dags/example_branch_day_of_week_operator.py
[2022-04-21 22:52:18,026] {processor.py:625} INFO - Processing file /home/daalonso/.local/lib/python3.8/site-packages/airflow/example_dags/example_branch_day_of_week_operator.py for tasks to queue
[2022-04-21 22:52:18,029] {logging_mixin.py:109} INFO - [2022-04-21 22:52:18,028] {dagbag.py:500} INFO - Filling up the DagBag from /home/daalonso/.local/lib/python3.8/site-packages/airflow/example_dags/example_branch_day_of_week_operator.py
[2022-04-21 22:52:18,091] {processor.py:637} INFO - DAG(s) dict_keys(['example_weekday_branch_operator']) retrieved from /home/daalonso/.local/lib/python3.8/site-packages/airflow/example_dags/example_branch_day_of_week_operator.py
[2022-04-21 22:52:18,109] {logging_mixin.py:109} INFO - [2022-04-21 22:52:18,109] {dag.py:2396} INFO - Sync 1 DAGs
[2022-04-21 22:52:18,129] {logging_mixin.py:109} INFO - [2022-04-21 22:52:18,129] {dag.py:2928} INFO - Setting next_dagrun for example_weekday_branch_operator to 2022-04-21 00:00:00+00:00
[2022-04-21 22:52:18,144] {processor.py:171} INFO - Processing /home/daalonso/.local/lib/python3.8/site-packages/airflow/example_dags/example_branch_day_of_week_operator.py took 0.130 seconds
[2022-04-21 22:53:20,295] {processor.py:163} INFO - Started process (PID=1188) to work on /home/daalonso/.local/lib/python3.8/site-packages/airflow/example_dags/example_branch_day_of_week_operator.py
[2022-04-21 22:53:20,309] {processor.py:625} INFO - Processing file /home/daalonso/.local/lib/python3.8/site-packages/airflow/example_dags/example_branch_day_of_week_operator.py for tasks to queue
[2022-04-21 22:53:20,311] {logging_mixin.py:109} INFO - [2022-04-21 22:53:20,311] {dagbag.py:500} INFO - Filling up the DagBag from /home/daalonso/.local/lib/python3.8/site-packages/airflow/example_dags/example_branch_day_of_week_operator.py
[2022-04-21 22:53:20,459] {processor.py:637} INFO - DAG(s) dict_keys(['example_weekday_branch_operator']) retrieved from /home/daalonso/.local/lib/python3.8/site-packages/airflow/example_dags/example_branch_day_of_week_operator.py
[2022-04-21 22:53:20,475] {logging_mixin.py:109} INFO - [2022-04-21 22:53:20,475] {dag.py:2396} INFO - Sync 1 DAGs
[2022-04-21 22:53:20,494] {logging_mixin.py:109} INFO - [2022-04-21 22:53:20,494] {dag.py:2928} INFO - Setting next_dagrun for example_weekday_branch_operator to 2022-04-21 00:00:00+00:00
[2022-04-21 22:53:20,508] {processor.py:171} INFO - Processing /home/daalonso/.local/lib/python3.8/site-packages/airflow/example_dags/example_branch_day_of_week_operator.py took 0.229 seconds
[2022-04-21 22:54:21,723] {processor.py:163} INFO - Started process (PID=1312) to work on /home/daalonso/.local/lib/python3.8/site-packages/airflow/example_dags/example_branch_day_of_week_operator.py
[2022-04-21 22:54:21,725] {processor.py:625} INFO - Processing file /home/daalonso/.local/lib/python3.8/site-packages/airflow/example_dags/example_branch_day_of_week_operator.py for tasks to queue
[2022-04-21 22:54:21,725] {logging_mixin.py:109} INFO - [2022-04-21 22:54:21,725] {dagbag.py:500} INFO - Filling up the DagBag from /home/daalonso/.local/lib/python3.8/site-packages/airflow/example_dags/example_branch_day_of_week_operator.py
[2022-04-21 22:54:21,767] {processor.py:637} INFO - DAG(s) dict_keys(['example_weekday_branch_operator']) retrieved from /home/daalonso/.local/lib/python3.8/site-packages/airflow/example_dags/example_branch_day_of_week_operator.py
[2022-04-21 22:54:21,779] {logging_mixin.py:109} INFO - [2022-04-21 22:54:21,779] {dag.py:2396} INFO - Sync 1 DAGs
[2022-04-21 22:54:21,796] {logging_mixin.py:109} INFO - [2022-04-21 22:54:21,796] {dag.py:2928} INFO - Setting next_dagrun for example_weekday_branch_operator to 2022-04-21 00:00:00+00:00
[2022-04-21 22:54:21,810] {processor.py:171} INFO - Processing /home/daalonso/.local/lib/python3.8/site-packages/airflow/example_dags/example_branch_day_of_week_operator.py took 0.092 seconds
[2022-04-21 22:55:17,701] {processor.py:163} INFO - Started process (PID=1410) to work on /home/daalonso/.local/lib/python3.8/site-packages/airflow/example_dags/example_branch_day_of_week_operator.py
[2022-04-21 22:55:17,704] {processor.py:625} INFO - Processing file /home/daalonso/.local/lib/python3.8/site-packages/airflow/example_dags/example_branch_day_of_week_operator.py for tasks to queue
[2022-04-21 22:55:17,707] {logging_mixin.py:109} INFO - [2022-04-21 22:55:17,706] {dagbag.py:500} INFO - Filling up the DagBag from /home/daalonso/.local/lib/python3.8/site-packages/airflow/example_dags/example_branch_day_of_week_operator.py
[2022-04-21 22:55:17,778] {processor.py:637} INFO - DAG(s) dict_keys(['example_weekday_branch_operator']) retrieved from /home/daalonso/.local/lib/python3.8/site-packages/airflow/example_dags/example_branch_day_of_week_operator.py
[2022-04-21 22:55:17,800] {logging_mixin.py:109} INFO - [2022-04-21 22:55:17,800] {dag.py:2396} INFO - Sync 1 DAGs
[2022-04-21 22:55:17,829] {logging_mixin.py:109} INFO - [2022-04-21 22:55:17,828] {dag.py:2928} INFO - Setting next_dagrun for example_weekday_branch_operator to 2022-04-21 00:00:00+00:00
[2022-04-21 22:55:17,850] {processor.py:171} INFO - Processing /home/daalonso/.local/lib/python3.8/site-packages/airflow/example_dags/example_branch_day_of_week_operator.py took 0.159 seconds
[2022-04-21 22:56:16,205] {processor.py:163} INFO - Started process (PID=1505) to work on /home/daalonso/.local/lib/python3.8/site-packages/airflow/example_dags/example_branch_day_of_week_operator.py
[2022-04-21 22:56:16,207] {processor.py:625} INFO - Processing file /home/daalonso/.local/lib/python3.8/site-packages/airflow/example_dags/example_branch_day_of_week_operator.py for tasks to queue
[2022-04-21 22:56:16,209] {logging_mixin.py:109} INFO - [2022-04-21 22:56:16,208] {dagbag.py:500} INFO - Filling up the DagBag from /home/daalonso/.local/lib/python3.8/site-packages/airflow/example_dags/example_branch_day_of_week_operator.py
[2022-04-21 22:56:16,266] {processor.py:637} INFO - DAG(s) dict_keys(['example_weekday_branch_operator']) retrieved from /home/daalonso/.local/lib/python3.8/site-packages/airflow/example_dags/example_branch_day_of_week_operator.py
[2022-04-21 22:56:16,278] {logging_mixin.py:109} INFO - [2022-04-21 22:56:16,278] {dag.py:2396} INFO - Sync 1 DAGs
[2022-04-21 22:56:16,294] {logging_mixin.py:109} INFO - [2022-04-21 22:56:16,294] {dag.py:2928} INFO - Setting next_dagrun for example_weekday_branch_operator to 2022-04-21 00:00:00+00:00
[2022-04-21 22:56:16,308] {processor.py:171} INFO - Processing /home/daalonso/.local/lib/python3.8/site-packages/airflow/example_dags/example_branch_day_of_week_operator.py took 0.110 seconds
