[2022-04-21 22:50:47,768] {processor.py:163} INFO - Started process (PID=833) to work on /home/daalonso/.local/lib/python3.8/site-packages/airflow/example_dags/example_xcomargs.py
[2022-04-21 22:50:47,775] {processor.py:625} INFO - Processing file /home/daalonso/.local/lib/python3.8/site-packages/airflow/example_dags/example_xcomargs.py for tasks to queue
[2022-04-21 22:50:47,778] {logging_mixin.py:109} INFO - [2022-04-21 22:50:47,777] {dagbag.py:500} INFO - Filling up the DagBag from /home/daalonso/.local/lib/python3.8/site-packages/airflow/example_dags/example_xcomargs.py
[2022-04-21 22:50:47,877] {processor.py:637} INFO - DAG(s) dict_keys(['example_xcom_args', 'example_xcom_args_with_operators']) retrieved from /home/daalonso/.local/lib/python3.8/site-packages/airflow/example_dags/example_xcomargs.py
[2022-04-21 22:50:47,919] {logging_mixin.py:109} INFO - [2022-04-21 22:50:47,918] {dag.py:2396} INFO - Sync 2 DAGs
[2022-04-21 22:50:47,983] {logging_mixin.py:109} INFO - [2022-04-21 22:50:47,983] {dag.py:2928} INFO - Setting next_dagrun for example_xcom_args to None
[2022-04-21 22:50:47,984] {logging_mixin.py:109} INFO - [2022-04-21 22:50:47,984] {dag.py:2928} INFO - Setting next_dagrun for example_xcom_args_with_operators to None
[2022-04-21 22:50:48,007] {processor.py:171} INFO - Processing /home/daalonso/.local/lib/python3.8/site-packages/airflow/example_dags/example_xcomargs.py took 0.256 seconds
[2022-04-21 22:51:34,995] {processor.py:163} INFO - Started process (PID=915) to work on /home/daalonso/.local/lib/python3.8/site-packages/airflow/example_dags/example_xcomargs.py
[2022-04-21 22:51:34,998] {processor.py:625} INFO - Processing file /home/daalonso/.local/lib/python3.8/site-packages/airflow/example_dags/example_xcomargs.py for tasks to queue
[2022-04-21 22:51:34,999] {logging_mixin.py:109} INFO - [2022-04-21 22:51:34,999] {dagbag.py:500} INFO - Filling up the DagBag from /home/daalonso/.local/lib/python3.8/site-packages/airflow/example_dags/example_xcomargs.py
[2022-04-21 22:51:35,055] {processor.py:637} INFO - DAG(s) dict_keys(['example_xcom_args', 'example_xcom_args_with_operators']) retrieved from /home/daalonso/.local/lib/python3.8/site-packages/airflow/example_dags/example_xcomargs.py
[2022-04-21 22:51:35,792] {logging_mixin.py:109} INFO - [2022-04-21 22:51:35,792] {dag.py:2396} INFO - Sync 2 DAGs
[2022-04-21 22:51:35,815] {logging_mixin.py:109} INFO - [2022-04-21 22:51:35,815] {dag.py:2928} INFO - Setting next_dagrun for example_xcom_args to None
[2022-04-21 22:51:35,816] {logging_mixin.py:109} INFO - [2022-04-21 22:51:35,816] {dag.py:2928} INFO - Setting next_dagrun for example_xcom_args_with_operators to None
[2022-04-21 22:51:35,844] {processor.py:171} INFO - Processing /home/daalonso/.local/lib/python3.8/site-packages/airflow/example_dags/example_xcomargs.py took 0.854 seconds
[2022-04-21 22:52:25,679] {processor.py:163} INFO - Started process (PID=1013) to work on /home/daalonso/.local/lib/python3.8/site-packages/airflow/example_dags/example_xcomargs.py
[2022-04-21 22:52:25,682] {processor.py:625} INFO - Processing file /home/daalonso/.local/lib/python3.8/site-packages/airflow/example_dags/example_xcomargs.py for tasks to queue
[2022-04-21 22:52:25,684] {logging_mixin.py:109} INFO - [2022-04-21 22:52:25,684] {dagbag.py:500} INFO - Filling up the DagBag from /home/daalonso/.local/lib/python3.8/site-packages/airflow/example_dags/example_xcomargs.py
[2022-04-21 22:52:25,778] {processor.py:637} INFO - DAG(s) dict_keys(['example_xcom_args', 'example_xcom_args_with_operators']) retrieved from /home/daalonso/.local/lib/python3.8/site-packages/airflow/example_dags/example_xcomargs.py
[2022-04-21 22:52:26,489] {logging_mixin.py:109} INFO - [2022-04-21 22:52:26,489] {dag.py:2396} INFO - Sync 2 DAGs
[2022-04-21 22:52:26,511] {logging_mixin.py:109} INFO - [2022-04-21 22:52:26,511] {dag.py:2928} INFO - Setting next_dagrun for example_xcom_args to None
[2022-04-21 22:52:26,512] {logging_mixin.py:109} INFO - [2022-04-21 22:52:26,512] {dag.py:2928} INFO - Setting next_dagrun for example_xcom_args_with_operators to None
[2022-04-21 22:52:26,532] {processor.py:171} INFO - Processing /home/daalonso/.local/lib/python3.8/site-packages/airflow/example_dags/example_xcomargs.py took 0.865 seconds
[2022-04-21 22:53:07,613] {processor.py:163} INFO - Started process (PID=1131) to work on /home/daalonso/.local/lib/python3.8/site-packages/airflow/example_dags/example_xcomargs.py
[2022-04-21 22:53:07,618] {processor.py:625} INFO - Processing file /home/daalonso/.local/lib/python3.8/site-packages/airflow/example_dags/example_xcomargs.py for tasks to queue
[2022-04-21 22:53:07,619] {logging_mixin.py:109} INFO - [2022-04-21 22:53:07,619] {dagbag.py:500} INFO - Filling up the DagBag from /home/daalonso/.local/lib/python3.8/site-packages/airflow/example_dags/example_xcomargs.py
[2022-04-21 22:53:07,726] {processor.py:637} INFO - DAG(s) dict_keys(['example_xcom_args', 'example_xcom_args_with_operators']) retrieved from /home/daalonso/.local/lib/python3.8/site-packages/airflow/example_dags/example_xcomargs.py
[2022-04-21 22:53:08,561] {logging_mixin.py:109} INFO - [2022-04-21 22:53:08,561] {dag.py:2396} INFO - Sync 2 DAGs
[2022-04-21 22:53:08,576] {logging_mixin.py:109} INFO - [2022-04-21 22:53:08,576] {dag.py:2928} INFO - Setting next_dagrun for example_xcom_args to None
[2022-04-21 22:53:08,577] {logging_mixin.py:109} INFO - [2022-04-21 22:53:08,577] {dag.py:2928} INFO - Setting next_dagrun for example_xcom_args_with_operators to None
[2022-04-21 22:53:08,597] {processor.py:171} INFO - Processing /home/daalonso/.local/lib/python3.8/site-packages/airflow/example_dags/example_xcomargs.py took 0.993 seconds
[2022-04-21 22:53:49,567] {processor.py:163} INFO - Started process (PID=1267) to work on /home/daalonso/.local/lib/python3.8/site-packages/airflow/example_dags/example_xcomargs.py
[2022-04-21 22:53:49,570] {processor.py:625} INFO - Processing file /home/daalonso/.local/lib/python3.8/site-packages/airflow/example_dags/example_xcomargs.py for tasks to queue
[2022-04-21 22:53:49,572] {logging_mixin.py:109} INFO - [2022-04-21 22:53:49,572] {dagbag.py:500} INFO - Filling up the DagBag from /home/daalonso/.local/lib/python3.8/site-packages/airflow/example_dags/example_xcomargs.py
[2022-04-21 22:53:49,672] {processor.py:637} INFO - DAG(s) dict_keys(['example_xcom_args', 'example_xcom_args_with_operators']) retrieved from /home/daalonso/.local/lib/python3.8/site-packages/airflow/example_dags/example_xcomargs.py
[2022-04-21 22:53:50,406] {logging_mixin.py:109} INFO - [2022-04-21 22:53:50,406] {dag.py:2396} INFO - Sync 2 DAGs
[2022-04-21 22:53:50,433] {logging_mixin.py:109} INFO - [2022-04-21 22:53:50,432] {dag.py:2928} INFO - Setting next_dagrun for example_xcom_args to None
[2022-04-21 22:53:50,433] {logging_mixin.py:109} INFO - [2022-04-21 22:53:50,433] {dag.py:2928} INFO - Setting next_dagrun for example_xcom_args_with_operators to None
[2022-04-21 22:53:50,461] {processor.py:171} INFO - Processing /home/daalonso/.local/lib/python3.8/site-packages/airflow/example_dags/example_xcomargs.py took 0.904 seconds
[2022-04-21 22:54:29,650] {processor.py:163} INFO - Started process (PID=1324) to work on /home/daalonso/.local/lib/python3.8/site-packages/airflow/example_dags/example_xcomargs.py
[2022-04-21 22:54:29,653] {processor.py:625} INFO - Processing file /home/daalonso/.local/lib/python3.8/site-packages/airflow/example_dags/example_xcomargs.py for tasks to queue
[2022-04-21 22:54:29,655] {logging_mixin.py:109} INFO - [2022-04-21 22:54:29,655] {dagbag.py:500} INFO - Filling up the DagBag from /home/daalonso/.local/lib/python3.8/site-packages/airflow/example_dags/example_xcomargs.py
[2022-04-21 22:54:29,731] {processor.py:637} INFO - DAG(s) dict_keys(['example_xcom_args', 'example_xcom_args_with_operators']) retrieved from /home/daalonso/.local/lib/python3.8/site-packages/airflow/example_dags/example_xcomargs.py
[2022-04-21 22:54:29,756] {logging_mixin.py:109} INFO - [2022-04-21 22:54:29,755] {dag.py:2396} INFO - Sync 2 DAGs
[2022-04-21 22:54:29,780] {logging_mixin.py:109} INFO - [2022-04-21 22:54:29,780] {dag.py:2928} INFO - Setting next_dagrun for example_xcom_args to None
[2022-04-21 22:54:29,781] {logging_mixin.py:109} INFO - [2022-04-21 22:54:29,781] {dag.py:2928} INFO - Setting next_dagrun for example_xcom_args_with_operators to None
[2022-04-21 22:54:29,798] {processor.py:171} INFO - Processing /home/daalonso/.local/lib/python3.8/site-packages/airflow/example_dags/example_xcomargs.py took 0.156 seconds
[2022-04-21 22:55:08,838] {processor.py:163} INFO - Started process (PID=1391) to work on /home/daalonso/.local/lib/python3.8/site-packages/airflow/example_dags/example_xcomargs.py
[2022-04-21 22:55:08,841] {processor.py:625} INFO - Processing file /home/daalonso/.local/lib/python3.8/site-packages/airflow/example_dags/example_xcomargs.py for tasks to queue
[2022-04-21 22:55:08,842] {logging_mixin.py:109} INFO - [2022-04-21 22:55:08,842] {dagbag.py:500} INFO - Filling up the DagBag from /home/daalonso/.local/lib/python3.8/site-packages/airflow/example_dags/example_xcomargs.py
[2022-04-21 22:55:08,911] {processor.py:637} INFO - DAG(s) dict_keys(['example_xcom_args', 'example_xcom_args_with_operators']) retrieved from /home/daalonso/.local/lib/python3.8/site-packages/airflow/example_dags/example_xcomargs.py
[2022-04-21 22:55:09,593] {logging_mixin.py:109} INFO - [2022-04-21 22:55:09,593] {dag.py:2396} INFO - Sync 2 DAGs
[2022-04-21 22:55:09,622] {logging_mixin.py:109} INFO - [2022-04-21 22:55:09,622] {dag.py:2928} INFO - Setting next_dagrun for example_xcom_args to None
[2022-04-21 22:55:09,623] {logging_mixin.py:109} INFO - [2022-04-21 22:55:09,622] {dag.py:2928} INFO - Setting next_dagrun for example_xcom_args_with_operators to None
[2022-04-21 22:55:09,650] {processor.py:171} INFO - Processing /home/daalonso/.local/lib/python3.8/site-packages/airflow/example_dags/example_xcomargs.py took 0.821 seconds
[2022-04-21 22:55:47,714] {processor.py:163} INFO - Started process (PID=1458) to work on /home/daalonso/.local/lib/python3.8/site-packages/airflow/example_dags/example_xcomargs.py
[2022-04-21 22:55:47,717] {processor.py:625} INFO - Processing file /home/daalonso/.local/lib/python3.8/site-packages/airflow/example_dags/example_xcomargs.py for tasks to queue
[2022-04-21 22:55:47,719] {logging_mixin.py:109} INFO - [2022-04-21 22:55:47,719] {dagbag.py:500} INFO - Filling up the DagBag from /home/daalonso/.local/lib/python3.8/site-packages/airflow/example_dags/example_xcomargs.py
[2022-04-21 22:55:47,798] {processor.py:637} INFO - DAG(s) dict_keys(['example_xcom_args', 'example_xcom_args_with_operators']) retrieved from /home/daalonso/.local/lib/python3.8/site-packages/airflow/example_dags/example_xcomargs.py
[2022-04-21 22:55:48,615] {logging_mixin.py:109} INFO - [2022-04-21 22:55:48,615] {dag.py:2396} INFO - Sync 2 DAGs
[2022-04-21 22:55:48,641] {logging_mixin.py:109} INFO - [2022-04-21 22:55:48,641] {dag.py:2928} INFO - Setting next_dagrun for example_xcom_args to None
[2022-04-21 22:55:48,641] {logging_mixin.py:109} INFO - [2022-04-21 22:55:48,641] {dag.py:2928} INFO - Setting next_dagrun for example_xcom_args_with_operators to None
[2022-04-21 22:55:48,660] {processor.py:171} INFO - Processing /home/daalonso/.local/lib/python3.8/site-packages/airflow/example_dags/example_xcomargs.py took 0.953 seconds
[2022-04-21 22:56:27,068] {processor.py:163} INFO - Started process (PID=1521) to work on /home/daalonso/.local/lib/python3.8/site-packages/airflow/example_dags/example_xcomargs.py
[2022-04-21 22:56:27,071] {processor.py:625} INFO - Processing file /home/daalonso/.local/lib/python3.8/site-packages/airflow/example_dags/example_xcomargs.py for tasks to queue
[2022-04-21 22:56:27,073] {logging_mixin.py:109} INFO - [2022-04-21 22:56:27,073] {dagbag.py:500} INFO - Filling up the DagBag from /home/daalonso/.local/lib/python3.8/site-packages/airflow/example_dags/example_xcomargs.py
[2022-04-21 22:56:27,160] {processor.py:637} INFO - DAG(s) dict_keys(['example_xcom_args', 'example_xcom_args_with_operators']) retrieved from /home/daalonso/.local/lib/python3.8/site-packages/airflow/example_dags/example_xcomargs.py
[2022-04-21 22:56:27,942] {logging_mixin.py:109} INFO - [2022-04-21 22:56:27,942] {dag.py:2396} INFO - Sync 2 DAGs
[2022-04-21 22:56:27,956] {logging_mixin.py:109} INFO - [2022-04-21 22:56:27,956] {dag.py:2928} INFO - Setting next_dagrun for example_xcom_args to None
[2022-04-21 22:56:27,956] {logging_mixin.py:109} INFO - [2022-04-21 22:56:27,956] {dag.py:2928} INFO - Setting next_dagrun for example_xcom_args_with_operators to None
[2022-04-21 22:56:27,977] {processor.py:171} INFO - Processing /home/daalonso/.local/lib/python3.8/site-packages/airflow/example_dags/example_xcomargs.py took 0.918 seconds
