[2022-04-21 22:50:59,960] {processor.py:163} INFO - Started process (PID=863) to work on /home/daalonso/.local/lib/python3.8/site-packages/airflow/example_dags/example_python_operator.py
[2022-04-21 22:50:59,964] {processor.py:625} INFO - Processing file /home/daalonso/.local/lib/python3.8/site-packages/airflow/example_dags/example_python_operator.py for tasks to queue
[2022-04-21 22:50:59,969] {logging_mixin.py:109} INFO - [2022-04-21 22:50:59,968] {dagbag.py:500} INFO - Filling up the DagBag from /home/daalonso/.local/lib/python3.8/site-packages/airflow/example_dags/example_python_operator.py
[2022-04-21 22:51:00,076] {processor.py:637} INFO - DAG(s) dict_keys(['example_python_operator']) retrieved from /home/daalonso/.local/lib/python3.8/site-packages/airflow/example_dags/example_python_operator.py
[2022-04-21 22:51:00,117] {logging_mixin.py:109} INFO - [2022-04-21 22:51:00,117] {dag.py:2396} INFO - Sync 1 DAGs
[2022-04-21 22:51:00,148] {logging_mixin.py:109} INFO - [2022-04-21 22:51:00,148] {dag.py:2928} INFO - Setting next_dagrun for example_python_operator to None
[2022-04-21 22:51:00,226] {processor.py:171} INFO - Processing /home/daalonso/.local/lib/python3.8/site-packages/airflow/example_dags/example_python_operator.py took 0.280 seconds
[2022-04-21 22:51:49,501] {processor.py:163} INFO - Started process (PID=936) to work on /home/daalonso/.local/lib/python3.8/site-packages/airflow/example_dags/example_python_operator.py
[2022-04-21 22:51:49,504] {processor.py:625} INFO - Processing file /home/daalonso/.local/lib/python3.8/site-packages/airflow/example_dags/example_python_operator.py for tasks to queue
[2022-04-21 22:51:49,505] {logging_mixin.py:109} INFO - [2022-04-21 22:51:49,505] {dagbag.py:500} INFO - Filling up the DagBag from /home/daalonso/.local/lib/python3.8/site-packages/airflow/example_dags/example_python_operator.py
[2022-04-21 22:51:49,575] {processor.py:637} INFO - DAG(s) dict_keys(['example_python_operator']) retrieved from /home/daalonso/.local/lib/python3.8/site-packages/airflow/example_dags/example_python_operator.py
[2022-04-21 22:51:49,602] {logging_mixin.py:109} INFO - [2022-04-21 22:51:49,602] {dag.py:2396} INFO - Sync 1 DAGs
[2022-04-21 22:51:49,636] {logging_mixin.py:109} INFO - [2022-04-21 22:51:49,636] {dag.py:2928} INFO - Setting next_dagrun for example_python_operator to None
[2022-04-21 22:51:49,652] {processor.py:171} INFO - Processing /home/daalonso/.local/lib/python3.8/site-packages/airflow/example_dags/example_python_operator.py took 0.161 seconds
[2022-04-21 22:52:41,133] {processor.py:163} INFO - Started process (PID=1070) to work on /home/daalonso/.local/lib/python3.8/site-packages/airflow/example_dags/example_python_operator.py
[2022-04-21 22:52:41,136] {processor.py:625} INFO - Processing file /home/daalonso/.local/lib/python3.8/site-packages/airflow/example_dags/example_python_operator.py for tasks to queue
[2022-04-21 22:52:41,138] {logging_mixin.py:109} INFO - [2022-04-21 22:52:41,137] {dagbag.py:500} INFO - Filling up the DagBag from /home/daalonso/.local/lib/python3.8/site-packages/airflow/example_dags/example_python_operator.py
[2022-04-21 22:52:41,196] {processor.py:637} INFO - DAG(s) dict_keys(['example_python_operator']) retrieved from /home/daalonso/.local/lib/python3.8/site-packages/airflow/example_dags/example_python_operator.py
[2022-04-21 22:52:41,221] {logging_mixin.py:109} INFO - [2022-04-21 22:52:41,220] {dag.py:2396} INFO - Sync 1 DAGs
[2022-04-21 22:52:41,245] {logging_mixin.py:109} INFO - [2022-04-21 22:52:41,245] {dag.py:2928} INFO - Setting next_dagrun for example_python_operator to None
[2022-04-21 22:52:41,275] {processor.py:171} INFO - Processing /home/daalonso/.local/lib/python3.8/site-packages/airflow/example_dags/example_python_operator.py took 0.149 seconds
[2022-04-21 22:53:41,541] {processor.py:163} INFO - Started process (PID=1256) to work on /home/daalonso/.local/lib/python3.8/site-packages/airflow/example_dags/example_python_operator.py
[2022-04-21 22:53:41,542] {processor.py:625} INFO - Processing file /home/daalonso/.local/lib/python3.8/site-packages/airflow/example_dags/example_python_operator.py for tasks to queue
[2022-04-21 22:53:41,543] {logging_mixin.py:109} INFO - [2022-04-21 22:53:41,543] {dagbag.py:500} INFO - Filling up the DagBag from /home/daalonso/.local/lib/python3.8/site-packages/airflow/example_dags/example_python_operator.py
[2022-04-21 22:53:41,584] {processor.py:637} INFO - DAG(s) dict_keys(['example_python_operator']) retrieved from /home/daalonso/.local/lib/python3.8/site-packages/airflow/example_dags/example_python_operator.py
[2022-04-21 22:53:41,597] {logging_mixin.py:109} INFO - [2022-04-21 22:53:41,597] {dag.py:2396} INFO - Sync 1 DAGs
[2022-04-21 22:53:41,611] {logging_mixin.py:109} INFO - [2022-04-21 22:53:41,611] {dag.py:2928} INFO - Setting next_dagrun for example_python_operator to None
[2022-04-21 22:53:41,625] {processor.py:171} INFO - Processing /home/daalonso/.local/lib/python3.8/site-packages/airflow/example_dags/example_python_operator.py took 0.091 seconds
[2022-04-21 22:54:40,992] {processor.py:163} INFO - Started process (PID=1350) to work on /home/daalonso/.local/lib/python3.8/site-packages/airflow/example_dags/example_python_operator.py
[2022-04-21 22:54:40,995] {processor.py:625} INFO - Processing file /home/daalonso/.local/lib/python3.8/site-packages/airflow/example_dags/example_python_operator.py for tasks to queue
[2022-04-21 22:54:40,997] {logging_mixin.py:109} INFO - [2022-04-21 22:54:40,996] {dagbag.py:500} INFO - Filling up the DagBag from /home/daalonso/.local/lib/python3.8/site-packages/airflow/example_dags/example_python_operator.py
[2022-04-21 22:54:41,073] {processor.py:637} INFO - DAG(s) dict_keys(['example_python_operator']) retrieved from /home/daalonso/.local/lib/python3.8/site-packages/airflow/example_dags/example_python_operator.py
[2022-04-21 22:54:41,097] {logging_mixin.py:109} INFO - [2022-04-21 22:54:41,097] {dag.py:2396} INFO - Sync 1 DAGs
[2022-04-21 22:54:41,123] {logging_mixin.py:109} INFO - [2022-04-21 22:54:41,123] {dag.py:2928} INFO - Setting next_dagrun for example_python_operator to None
[2022-04-21 22:54:41,152] {processor.py:171} INFO - Processing /home/daalonso/.local/lib/python3.8/site-packages/airflow/example_dags/example_python_operator.py took 0.172 seconds
[2022-04-21 22:55:35,976] {processor.py:163} INFO - Started process (PID=1436) to work on /home/daalonso/.local/lib/python3.8/site-packages/airflow/example_dags/example_python_operator.py
[2022-04-21 22:55:35,978] {processor.py:625} INFO - Processing file /home/daalonso/.local/lib/python3.8/site-packages/airflow/example_dags/example_python_operator.py for tasks to queue
[2022-04-21 22:55:35,979] {logging_mixin.py:109} INFO - [2022-04-21 22:55:35,979] {dagbag.py:500} INFO - Filling up the DagBag from /home/daalonso/.local/lib/python3.8/site-packages/airflow/example_dags/example_python_operator.py
[2022-04-21 22:55:36,026] {processor.py:637} INFO - DAG(s) dict_keys(['example_python_operator']) retrieved from /home/daalonso/.local/lib/python3.8/site-packages/airflow/example_dags/example_python_operator.py
[2022-04-21 22:55:36,041] {logging_mixin.py:109} INFO - [2022-04-21 22:55:36,041] {dag.py:2396} INFO - Sync 1 DAGs
[2022-04-21 22:55:36,056] {logging_mixin.py:109} INFO - [2022-04-21 22:55:36,056] {dag.py:2928} INFO - Setting next_dagrun for example_python_operator to None
[2022-04-21 22:55:36,079] {processor.py:171} INFO - Processing /home/daalonso/.local/lib/python3.8/site-packages/airflow/example_dags/example_python_operator.py took 0.110 seconds
[2022-04-21 22:56:33,703] {processor.py:163} INFO - Started process (PID=1532) to work on /home/daalonso/.local/lib/python3.8/site-packages/airflow/example_dags/example_python_operator.py
[2022-04-21 22:56:33,705] {processor.py:625} INFO - Processing file /home/daalonso/.local/lib/python3.8/site-packages/airflow/example_dags/example_python_operator.py for tasks to queue
[2022-04-21 22:56:33,706] {logging_mixin.py:109} INFO - [2022-04-21 22:56:33,705] {dagbag.py:500} INFO - Filling up the DagBag from /home/daalonso/.local/lib/python3.8/site-packages/airflow/example_dags/example_python_operator.py
[2022-04-21 22:56:33,753] {processor.py:637} INFO - DAG(s) dict_keys(['example_python_operator']) retrieved from /home/daalonso/.local/lib/python3.8/site-packages/airflow/example_dags/example_python_operator.py
[2022-04-21 22:56:33,768] {logging_mixin.py:109} INFO - [2022-04-21 22:56:33,768] {dag.py:2396} INFO - Sync 1 DAGs
[2022-04-21 22:56:33,786] {logging_mixin.py:109} INFO - [2022-04-21 22:56:33,786] {dag.py:2928} INFO - Setting next_dagrun for example_python_operator to None
[2022-04-21 22:56:33,804] {processor.py:171} INFO - Processing /home/daalonso/.local/lib/python3.8/site-packages/airflow/example_dags/example_python_operator.py took 0.108 seconds
