[2022-04-21 22:51:07,614] {processor.py:163} INFO - Started process (PID=875) to work on /home/daalonso/.local/lib/python3.8/site-packages/airflow/example_dags/example_kubernetes_executor.py
[2022-04-21 22:51:07,616] {processor.py:625} INFO - Processing file /home/daalonso/.local/lib/python3.8/site-packages/airflow/example_dags/example_kubernetes_executor.py for tasks to queue
[2022-04-21 22:51:07,618] {logging_mixin.py:109} INFO - [2022-04-21 22:51:07,618] {dagbag.py:500} INFO - Filling up the DagBag from /home/daalonso/.local/lib/python3.8/site-packages/airflow/example_dags/example_kubernetes_executor.py
[2022-04-21 22:51:07,726] {processor.py:637} INFO - DAG(s) dict_keys(['example_kubernetes_executor']) retrieved from /home/daalonso/.local/lib/python3.8/site-packages/airflow/example_dags/example_kubernetes_executor.py
[2022-04-21 22:51:07,748] {logging_mixin.py:109} INFO - [2022-04-21 22:51:07,748] {dag.py:2396} INFO - Sync 1 DAGs
[2022-04-21 22:51:07,772] {logging_mixin.py:109} INFO - [2022-04-21 22:51:07,772] {dag.py:2928} INFO - Setting next_dagrun for example_kubernetes_executor to None
[2022-04-21 22:51:07,788] {processor.py:171} INFO - Processing /home/daalonso/.local/lib/python3.8/site-packages/airflow/example_dags/example_kubernetes_executor.py took 0.185 seconds
[2022-04-21 22:51:57,377] {processor.py:163} INFO - Started process (PID=956) to work on /home/daalonso/.local/lib/python3.8/site-packages/airflow/example_dags/example_kubernetes_executor.py
[2022-04-21 22:51:57,381] {processor.py:625} INFO - Processing file /home/daalonso/.local/lib/python3.8/site-packages/airflow/example_dags/example_kubernetes_executor.py for tasks to queue
[2022-04-21 22:51:57,383] {logging_mixin.py:109} INFO - [2022-04-21 22:51:57,383] {dagbag.py:500} INFO - Filling up the DagBag from /home/daalonso/.local/lib/python3.8/site-packages/airflow/example_dags/example_kubernetes_executor.py
[2022-04-21 22:51:57,483] {processor.py:637} INFO - DAG(s) dict_keys(['example_kubernetes_executor']) retrieved from /home/daalonso/.local/lib/python3.8/site-packages/airflow/example_dags/example_kubernetes_executor.py
[2022-04-21 22:51:57,505] {logging_mixin.py:109} INFO - [2022-04-21 22:51:57,505] {dag.py:2396} INFO - Sync 1 DAGs
[2022-04-21 22:51:57,536] {logging_mixin.py:109} INFO - [2022-04-21 22:51:57,536] {dag.py:2928} INFO - Setting next_dagrun for example_kubernetes_executor to None
[2022-04-21 22:51:57,561] {processor.py:171} INFO - Processing /home/daalonso/.local/lib/python3.8/site-packages/airflow/example_dags/example_kubernetes_executor.py took 0.194 seconds
[2022-04-21 22:52:57,086] {processor.py:163} INFO - Started process (PID=1105) to work on /home/daalonso/.local/lib/python3.8/site-packages/airflow/example_dags/example_kubernetes_executor.py
[2022-04-21 22:52:57,097] {processor.py:625} INFO - Processing file /home/daalonso/.local/lib/python3.8/site-packages/airflow/example_dags/example_kubernetes_executor.py for tasks to queue
[2022-04-21 22:52:57,100] {logging_mixin.py:109} INFO - [2022-04-21 22:52:57,099] {dagbag.py:500} INFO - Filling up the DagBag from /home/daalonso/.local/lib/python3.8/site-packages/airflow/example_dags/example_kubernetes_executor.py
[2022-04-21 22:52:57,203] {processor.py:637} INFO - DAG(s) dict_keys(['example_kubernetes_executor']) retrieved from /home/daalonso/.local/lib/python3.8/site-packages/airflow/example_dags/example_kubernetes_executor.py
[2022-04-21 22:52:57,238] {logging_mixin.py:109} INFO - [2022-04-21 22:52:57,237] {dag.py:2396} INFO - Sync 1 DAGs
[2022-04-21 22:52:57,271] {logging_mixin.py:109} INFO - [2022-04-21 22:52:57,271] {dag.py:2928} INFO - Setting next_dagrun for example_kubernetes_executor to None
[2022-04-21 22:52:57,290] {processor.py:171} INFO - Processing /home/daalonso/.local/lib/python3.8/site-packages/airflow/example_dags/example_kubernetes_executor.py took 0.216 seconds
[2022-04-21 22:54:00,255] {processor.py:163} INFO - Started process (PID=1282) to work on /home/daalonso/.local/lib/python3.8/site-packages/airflow/example_dags/example_kubernetes_executor.py
[2022-04-21 22:54:00,258] {processor.py:625} INFO - Processing file /home/daalonso/.local/lib/python3.8/site-packages/airflow/example_dags/example_kubernetes_executor.py for tasks to queue
[2022-04-21 22:54:00,259] {logging_mixin.py:109} INFO - [2022-04-21 22:54:00,259] {dagbag.py:500} INFO - Filling up the DagBag from /home/daalonso/.local/lib/python3.8/site-packages/airflow/example_dags/example_kubernetes_executor.py
[2022-04-21 22:54:00,317] {processor.py:637} INFO - DAG(s) dict_keys(['example_kubernetes_executor']) retrieved from /home/daalonso/.local/lib/python3.8/site-packages/airflow/example_dags/example_kubernetes_executor.py
[2022-04-21 22:54:00,333] {logging_mixin.py:109} INFO - [2022-04-21 22:54:00,332] {dag.py:2396} INFO - Sync 1 DAGs
[2022-04-21 22:54:00,356] {logging_mixin.py:109} INFO - [2022-04-21 22:54:00,356] {dag.py:2928} INFO - Setting next_dagrun for example_kubernetes_executor to None
[2022-04-21 22:54:00,374] {processor.py:171} INFO - Processing /home/daalonso/.local/lib/python3.8/site-packages/airflow/example_dags/example_kubernetes_executor.py took 0.128 seconds
[2022-04-21 22:54:57,750] {processor.py:163} INFO - Started process (PID=1374) to work on /home/daalonso/.local/lib/python3.8/site-packages/airflow/example_dags/example_kubernetes_executor.py
[2022-04-21 22:54:57,752] {processor.py:625} INFO - Processing file /home/daalonso/.local/lib/python3.8/site-packages/airflow/example_dags/example_kubernetes_executor.py for tasks to queue
[2022-04-21 22:54:57,753] {logging_mixin.py:109} INFO - [2022-04-21 22:54:57,753] {dagbag.py:500} INFO - Filling up the DagBag from /home/daalonso/.local/lib/python3.8/site-packages/airflow/example_dags/example_kubernetes_executor.py
[2022-04-21 22:54:57,796] {processor.py:637} INFO - DAG(s) dict_keys(['example_kubernetes_executor']) retrieved from /home/daalonso/.local/lib/python3.8/site-packages/airflow/example_dags/example_kubernetes_executor.py
[2022-04-21 22:54:57,809] {logging_mixin.py:109} INFO - [2022-04-21 22:54:57,809] {dag.py:2396} INFO - Sync 1 DAGs
[2022-04-21 22:54:57,824] {logging_mixin.py:109} INFO - [2022-04-21 22:54:57,824] {dag.py:2928} INFO - Setting next_dagrun for example_kubernetes_executor to None
[2022-04-21 22:54:57,842] {processor.py:171} INFO - Processing /home/daalonso/.local/lib/python3.8/site-packages/airflow/example_dags/example_kubernetes_executor.py took 0.096 seconds
[2022-04-21 22:55:54,256] {processor.py:163} INFO - Started process (PID=1468) to work on /home/daalonso/.local/lib/python3.8/site-packages/airflow/example_dags/example_kubernetes_executor.py
[2022-04-21 22:55:54,260] {processor.py:625} INFO - Processing file /home/daalonso/.local/lib/python3.8/site-packages/airflow/example_dags/example_kubernetes_executor.py for tasks to queue
[2022-04-21 22:55:54,262] {logging_mixin.py:109} INFO - [2022-04-21 22:55:54,261] {dagbag.py:500} INFO - Filling up the DagBag from /home/daalonso/.local/lib/python3.8/site-packages/airflow/example_dags/example_kubernetes_executor.py
[2022-04-21 22:55:54,341] {processor.py:637} INFO - DAG(s) dict_keys(['example_kubernetes_executor']) retrieved from /home/daalonso/.local/lib/python3.8/site-packages/airflow/example_dags/example_kubernetes_executor.py
[2022-04-21 22:55:54,398] {logging_mixin.py:109} INFO - [2022-04-21 22:55:54,397] {dag.py:2396} INFO - Sync 1 DAGs
[2022-04-21 22:55:54,421] {logging_mixin.py:109} INFO - [2022-04-21 22:55:54,421] {dag.py:2928} INFO - Setting next_dagrun for example_kubernetes_executor to None
[2022-04-21 22:55:54,435] {processor.py:171} INFO - Processing /home/daalonso/.local/lib/python3.8/site-packages/airflow/example_dags/example_kubernetes_executor.py took 0.196 seconds
