[2022-04-21 22:51:10,317] {processor.py:163} INFO - Started process (PID=880) to work on /home/daalonso/.local/lib/python3.8/site-packages/airflow/example_dags/example_dag_decorator.py
[2022-04-21 22:51:10,319] {processor.py:625} INFO - Processing file /home/daalonso/.local/lib/python3.8/site-packages/airflow/example_dags/example_dag_decorator.py for tasks to queue
[2022-04-21 22:51:10,319] {logging_mixin.py:109} INFO - [2022-04-21 22:51:10,319] {dagbag.py:500} INFO - Filling up the DagBag from /home/daalonso/.local/lib/python3.8/site-packages/airflow/example_dags/example_dag_decorator.py
[2022-04-21 22:51:10,371] {processor.py:637} INFO - DAG(s) dict_keys(['example_dag_decorator']) retrieved from /home/daalonso/.local/lib/python3.8/site-packages/airflow/example_dags/example_dag_decorator.py
[2022-04-21 22:51:10,978] {logging_mixin.py:109} INFO - [2022-04-21 22:51:10,978] {dag.py:2396} INFO - Sync 1 DAGs
[2022-04-21 22:51:11,005] {logging_mixin.py:109} INFO - [2022-04-21 22:51:11,005] {dag.py:2928} INFO - Setting next_dagrun for example_dag_decorator to None
[2022-04-21 22:51:11,026] {processor.py:171} INFO - Processing /home/daalonso/.local/lib/python3.8/site-packages/airflow/example_dags/example_dag_decorator.py took 0.715 seconds
[2022-04-21 22:52:10,359] {processor.py:163} INFO - Started process (PID=985) to work on /home/daalonso/.local/lib/python3.8/site-packages/airflow/example_dags/example_dag_decorator.py
[2022-04-21 22:52:10,361] {processor.py:625} INFO - Processing file /home/daalonso/.local/lib/python3.8/site-packages/airflow/example_dags/example_dag_decorator.py for tasks to queue
[2022-04-21 22:52:10,362] {logging_mixin.py:109} INFO - [2022-04-21 22:52:10,362] {dagbag.py:500} INFO - Filling up the DagBag from /home/daalonso/.local/lib/python3.8/site-packages/airflow/example_dags/example_dag_decorator.py
[2022-04-21 22:52:10,429] {processor.py:637} INFO - DAG(s) dict_keys(['example_dag_decorator']) retrieved from /home/daalonso/.local/lib/python3.8/site-packages/airflow/example_dags/example_dag_decorator.py
[2022-04-21 22:52:11,358] {logging_mixin.py:109} INFO - [2022-04-21 22:52:11,358] {dag.py:2396} INFO - Sync 1 DAGs
[2022-04-21 22:52:11,384] {logging_mixin.py:109} INFO - [2022-04-21 22:52:11,384] {dag.py:2928} INFO - Setting next_dagrun for example_dag_decorator to None
[2022-04-21 22:52:11,413] {processor.py:171} INFO - Processing /home/daalonso/.local/lib/python3.8/site-packages/airflow/example_dags/example_dag_decorator.py took 1.062 seconds
[2022-04-21 22:53:00,002] {processor.py:163} INFO - Started process (PID=1112) to work on /home/daalonso/.local/lib/python3.8/site-packages/airflow/example_dags/example_dag_decorator.py
[2022-04-21 22:53:00,014] {processor.py:625} INFO - Processing file /home/daalonso/.local/lib/python3.8/site-packages/airflow/example_dags/example_dag_decorator.py for tasks to queue
[2022-04-21 22:53:00,017] {logging_mixin.py:109} INFO - [2022-04-21 22:53:00,016] {dagbag.py:500} INFO - Filling up the DagBag from /home/daalonso/.local/lib/python3.8/site-packages/airflow/example_dags/example_dag_decorator.py
[2022-04-21 22:53:00,138] {processor.py:637} INFO - DAG(s) dict_keys(['example_dag_decorator']) retrieved from /home/daalonso/.local/lib/python3.8/site-packages/airflow/example_dags/example_dag_decorator.py
[2022-04-21 22:53:00,930] {logging_mixin.py:109} INFO - [2022-04-21 22:53:00,930] {dag.py:2396} INFO - Sync 1 DAGs
[2022-04-21 22:53:00,956] {logging_mixin.py:109} INFO - [2022-04-21 22:53:00,956] {dag.py:2928} INFO - Setting next_dagrun for example_dag_decorator to None
[2022-04-21 22:53:00,980] {processor.py:171} INFO - Processing /home/daalonso/.local/lib/python3.8/site-packages/airflow/example_dags/example_dag_decorator.py took 0.990 seconds
[2022-04-21 22:54:02,850] {processor.py:163} INFO - Started process (PID=1286) to work on /home/daalonso/.local/lib/python3.8/site-packages/airflow/example_dags/example_dag_decorator.py
[2022-04-21 22:54:02,851] {processor.py:625} INFO - Processing file /home/daalonso/.local/lib/python3.8/site-packages/airflow/example_dags/example_dag_decorator.py for tasks to queue
[2022-04-21 22:54:02,852] {logging_mixin.py:109} INFO - [2022-04-21 22:54:02,852] {dagbag.py:500} INFO - Filling up the DagBag from /home/daalonso/.local/lib/python3.8/site-packages/airflow/example_dags/example_dag_decorator.py
[2022-04-21 22:54:02,931] {processor.py:637} INFO - DAG(s) dict_keys(['example_dag_decorator']) retrieved from /home/daalonso/.local/lib/python3.8/site-packages/airflow/example_dags/example_dag_decorator.py
[2022-04-21 22:54:03,795] {logging_mixin.py:109} INFO - [2022-04-21 22:54:03,795] {dag.py:2396} INFO - Sync 1 DAGs
[2022-04-21 22:54:03,847] {logging_mixin.py:109} INFO - [2022-04-21 22:54:03,847] {dag.py:2928} INFO - Setting next_dagrun for example_dag_decorator to None
[2022-04-21 22:54:03,879] {processor.py:171} INFO - Processing /home/daalonso/.local/lib/python3.8/site-packages/airflow/example_dags/example_dag_decorator.py took 1.036 seconds
[2022-04-21 22:55:00,249] {processor.py:163} INFO - Started process (PID=1378) to work on /home/daalonso/.local/lib/python3.8/site-packages/airflow/example_dags/example_dag_decorator.py
[2022-04-21 22:55:00,251] {processor.py:625} INFO - Processing file /home/daalonso/.local/lib/python3.8/site-packages/airflow/example_dags/example_dag_decorator.py for tasks to queue
[2022-04-21 22:55:00,252] {logging_mixin.py:109} INFO - [2022-04-21 22:55:00,251] {dagbag.py:500} INFO - Filling up the DagBag from /home/daalonso/.local/lib/python3.8/site-packages/airflow/example_dags/example_dag_decorator.py
[2022-04-21 22:55:00,318] {processor.py:637} INFO - DAG(s) dict_keys(['example_dag_decorator']) retrieved from /home/daalonso/.local/lib/python3.8/site-packages/airflow/example_dags/example_dag_decorator.py
[2022-04-21 22:55:00,951] {logging_mixin.py:109} INFO - [2022-04-21 22:55:00,950] {dag.py:2396} INFO - Sync 1 DAGs
[2022-04-21 22:55:00,977] {logging_mixin.py:109} INFO - [2022-04-21 22:55:00,977] {dag.py:2928} INFO - Setting next_dagrun for example_dag_decorator to None
[2022-04-21 22:55:01,002] {processor.py:171} INFO - Processing /home/daalonso/.local/lib/python3.8/site-packages/airflow/example_dags/example_dag_decorator.py took 0.762 seconds
[2022-04-21 22:55:56,923] {processor.py:163} INFO - Started process (PID=1472) to work on /home/daalonso/.local/lib/python3.8/site-packages/airflow/example_dags/example_dag_decorator.py
[2022-04-21 22:55:56,927] {processor.py:625} INFO - Processing file /home/daalonso/.local/lib/python3.8/site-packages/airflow/example_dags/example_dag_decorator.py for tasks to queue
[2022-04-21 22:55:56,930] {logging_mixin.py:109} INFO - [2022-04-21 22:55:56,930] {dagbag.py:500} INFO - Filling up the DagBag from /home/daalonso/.local/lib/python3.8/site-packages/airflow/example_dags/example_dag_decorator.py
[2022-04-21 22:55:57,027] {processor.py:637} INFO - DAG(s) dict_keys(['example_dag_decorator']) retrieved from /home/daalonso/.local/lib/python3.8/site-packages/airflow/example_dags/example_dag_decorator.py
[2022-04-21 22:55:58,118] {logging_mixin.py:109} INFO - [2022-04-21 22:55:58,118] {dag.py:2396} INFO - Sync 1 DAGs
[2022-04-21 22:55:58,170] {logging_mixin.py:109} INFO - [2022-04-21 22:55:58,170] {dag.py:2928} INFO - Setting next_dagrun for example_dag_decorator to None
[2022-04-21 22:55:58,212] {processor.py:171} INFO - Processing /home/daalonso/.local/lib/python3.8/site-packages/airflow/example_dags/example_dag_decorator.py took 1.304 seconds
