[2022-04-21 22:51:12,219] {processor.py:163} INFO - Started process (PID=882) to work on /home/daalonso/.local/lib/python3.8/site-packages/airflow/example_dags/example_complex.py
[2022-04-21 22:51:12,222] {processor.py:625} INFO - Processing file /home/daalonso/.local/lib/python3.8/site-packages/airflow/example_dags/example_complex.py for tasks to queue
[2022-04-21 22:51:12,223] {logging_mixin.py:109} INFO - [2022-04-21 22:51:12,223] {dagbag.py:500} INFO - Filling up the DagBag from /home/daalonso/.local/lib/python3.8/site-packages/airflow/example_dags/example_complex.py
[2022-04-21 22:51:12,347] {processor.py:637} INFO - DAG(s) dict_keys(['example_complex']) retrieved from /home/daalonso/.local/lib/python3.8/site-packages/airflow/example_dags/example_complex.py
[2022-04-21 22:51:12,381] {logging_mixin.py:109} INFO - [2022-04-21 22:51:12,380] {dag.py:2396} INFO - Sync 1 DAGs
[2022-04-21 22:51:12,399] {logging_mixin.py:109} INFO - [2022-04-21 22:51:12,399] {dag.py:2928} INFO - Setting next_dagrun for example_complex to None
[2022-04-21 22:51:12,412] {processor.py:171} INFO - Processing /home/daalonso/.local/lib/python3.8/site-packages/airflow/example_dags/example_complex.py took 0.203 seconds
[2022-04-21 22:52:12,555] {processor.py:163} INFO - Started process (PID=994) to work on /home/daalonso/.local/lib/python3.8/site-packages/airflow/example_dags/example_complex.py
[2022-04-21 22:52:12,557] {processor.py:625} INFO - Processing file /home/daalonso/.local/lib/python3.8/site-packages/airflow/example_dags/example_complex.py for tasks to queue
[2022-04-21 22:52:12,557] {logging_mixin.py:109} INFO - [2022-04-21 22:52:12,557] {dagbag.py:500} INFO - Filling up the DagBag from /home/daalonso/.local/lib/python3.8/site-packages/airflow/example_dags/example_complex.py
[2022-04-21 22:52:12,608] {processor.py:637} INFO - DAG(s) dict_keys(['example_complex']) retrieved from /home/daalonso/.local/lib/python3.8/site-packages/airflow/example_dags/example_complex.py
[2022-04-21 22:52:12,629] {logging_mixin.py:109} INFO - [2022-04-21 22:52:12,629] {dag.py:2396} INFO - Sync 1 DAGs
[2022-04-21 22:52:12,652] {logging_mixin.py:109} INFO - [2022-04-21 22:52:12,651] {dag.py:2928} INFO - Setting next_dagrun for example_complex to None
[2022-04-21 22:52:12,672] {processor.py:171} INFO - Processing /home/daalonso/.local/lib/python3.8/site-packages/airflow/example_dags/example_complex.py took 0.123 seconds
[2022-04-21 22:53:02,198] {processor.py:163} INFO - Started process (PID=1117) to work on /home/daalonso/.local/lib/python3.8/site-packages/airflow/example_dags/example_complex.py
[2022-04-21 22:53:02,205] {processor.py:625} INFO - Processing file /home/daalonso/.local/lib/python3.8/site-packages/airflow/example_dags/example_complex.py for tasks to queue
[2022-04-21 22:53:02,207] {logging_mixin.py:109} INFO - [2022-04-21 22:53:02,207] {dagbag.py:500} INFO - Filling up the DagBag from /home/daalonso/.local/lib/python3.8/site-packages/airflow/example_dags/example_complex.py
[2022-04-21 22:53:02,293] {processor.py:637} INFO - DAG(s) dict_keys(['example_complex']) retrieved from /home/daalonso/.local/lib/python3.8/site-packages/airflow/example_dags/example_complex.py
[2022-04-21 22:53:02,312] {logging_mixin.py:109} INFO - [2022-04-21 22:53:02,311] {dag.py:2396} INFO - Sync 1 DAGs
[2022-04-21 22:53:02,333] {logging_mixin.py:109} INFO - [2022-04-21 22:53:02,333] {dag.py:2928} INFO - Setting next_dagrun for example_complex to None
[2022-04-21 22:53:02,363] {processor.py:171} INFO - Processing /home/daalonso/.local/lib/python3.8/site-packages/airflow/example_dags/example_complex.py took 0.180 seconds
[2022-04-21 22:54:05,072] {processor.py:163} INFO - Started process (PID=1289) to work on /home/daalonso/.local/lib/python3.8/site-packages/airflow/example_dags/example_complex.py
[2022-04-21 22:54:05,074] {processor.py:625} INFO - Processing file /home/daalonso/.local/lib/python3.8/site-packages/airflow/example_dags/example_complex.py for tasks to queue
[2022-04-21 22:54:05,076] {logging_mixin.py:109} INFO - [2022-04-21 22:54:05,076] {dagbag.py:500} INFO - Filling up the DagBag from /home/daalonso/.local/lib/python3.8/site-packages/airflow/example_dags/example_complex.py
[2022-04-21 22:54:05,132] {processor.py:637} INFO - DAG(s) dict_keys(['example_complex']) retrieved from /home/daalonso/.local/lib/python3.8/site-packages/airflow/example_dags/example_complex.py
[2022-04-21 22:54:05,154] {logging_mixin.py:109} INFO - [2022-04-21 22:54:05,154] {dag.py:2396} INFO - Sync 1 DAGs
[2022-04-21 22:54:05,171] {logging_mixin.py:109} INFO - [2022-04-21 22:54:05,171] {dag.py:2928} INFO - Setting next_dagrun for example_complex to None
[2022-04-21 22:54:05,182] {processor.py:171} INFO - Processing /home/daalonso/.local/lib/python3.8/site-packages/airflow/example_dags/example_complex.py took 0.118 seconds
[2022-04-21 22:55:02,145] {processor.py:163} INFO - Started process (PID=1381) to work on /home/daalonso/.local/lib/python3.8/site-packages/airflow/example_dags/example_complex.py
[2022-04-21 22:55:02,147] {processor.py:625} INFO - Processing file /home/daalonso/.local/lib/python3.8/site-packages/airflow/example_dags/example_complex.py for tasks to queue
[2022-04-21 22:55:02,148] {logging_mixin.py:109} INFO - [2022-04-21 22:55:02,148] {dagbag.py:500} INFO - Filling up the DagBag from /home/daalonso/.local/lib/python3.8/site-packages/airflow/example_dags/example_complex.py
[2022-04-21 22:55:02,207] {processor.py:637} INFO - DAG(s) dict_keys(['example_complex']) retrieved from /home/daalonso/.local/lib/python3.8/site-packages/airflow/example_dags/example_complex.py
[2022-04-21 22:55:02,233] {logging_mixin.py:109} INFO - [2022-04-21 22:55:02,232] {dag.py:2396} INFO - Sync 1 DAGs
[2022-04-21 22:55:02,253] {logging_mixin.py:109} INFO - [2022-04-21 22:55:02,253] {dag.py:2928} INFO - Setting next_dagrun for example_complex to None
[2022-04-21 22:55:02,278] {processor.py:171} INFO - Processing /home/daalonso/.local/lib/python3.8/site-packages/airflow/example_dags/example_complex.py took 0.141 seconds
[2022-04-21 22:55:59,509] {processor.py:163} INFO - Started process (PID=1475) to work on /home/daalonso/.local/lib/python3.8/site-packages/airflow/example_dags/example_complex.py
[2022-04-21 22:55:59,515] {processor.py:625} INFO - Processing file /home/daalonso/.local/lib/python3.8/site-packages/airflow/example_dags/example_complex.py for tasks to queue
[2022-04-21 22:55:59,518] {logging_mixin.py:109} INFO - [2022-04-21 22:55:59,518] {dagbag.py:500} INFO - Filling up the DagBag from /home/daalonso/.local/lib/python3.8/site-packages/airflow/example_dags/example_complex.py
[2022-04-21 22:55:59,609] {processor.py:637} INFO - DAG(s) dict_keys(['example_complex']) retrieved from /home/daalonso/.local/lib/python3.8/site-packages/airflow/example_dags/example_complex.py
[2022-04-21 22:55:59,634] {logging_mixin.py:109} INFO - [2022-04-21 22:55:59,633] {dag.py:2396} INFO - Sync 1 DAGs
[2022-04-21 22:55:59,652] {logging_mixin.py:109} INFO - [2022-04-21 22:55:59,652] {dag.py:2928} INFO - Setting next_dagrun for example_complex to None
[2022-04-21 22:55:59,664] {processor.py:171} INFO - Processing /home/daalonso/.local/lib/python3.8/site-packages/airflow/example_dags/example_complex.py took 0.178 seconds
