[2022-04-21 22:51:06,349] {processor.py:163} INFO - Started process (PID=873) to work on /home/daalonso/.local/lib/python3.8/site-packages/airflow/example_dags/example_kubernetes_executor_config.py
[2022-04-21 22:51:06,352] {processor.py:625} INFO - Processing file /home/daalonso/.local/lib/python3.8/site-packages/airflow/example_dags/example_kubernetes_executor_config.py for tasks to queue
[2022-04-21 22:51:06,355] {logging_mixin.py:109} INFO - [2022-04-21 22:51:06,354] {dagbag.py:500} INFO - Filling up the DagBag from /home/daalonso/.local/lib/python3.8/site-packages/airflow/example_dags/example_kubernetes_executor_config.py
[2022-04-21 22:51:06,379] {logging_mixin.py:109} INFO - [2022-04-21 22:51:06,379] {example_kubernetes_executor_config.py:171} WARNING - Could not import DAGs in example_kubernetes_executor_config.py: No module named 'kubernetes'
[2022-04-21 22:51:06,380] {logging_mixin.py:109} INFO - [2022-04-21 22:51:06,380] {example_kubernetes_executor_config.py:172} WARNING - Install kubernetes dependencies with: pip install apache-airflow['cncf.kubernetes']
[2022-04-21 22:51:06,407] {processor.py:639} WARNING - No viable dags retrieved from /home/daalonso/.local/lib/python3.8/site-packages/airflow/example_dags/example_kubernetes_executor_config.py
[2022-04-21 22:51:06,431] {processor.py:171} INFO - Processing /home/daalonso/.local/lib/python3.8/site-packages/airflow/example_dags/example_kubernetes_executor_config.py took 0.090 seconds
[2022-04-21 22:51:56,139] {processor.py:163} INFO - Started process (PID=954) to work on /home/daalonso/.local/lib/python3.8/site-packages/airflow/example_dags/example_kubernetes_executor_config.py
[2022-04-21 22:51:56,142] {processor.py:625} INFO - Processing file /home/daalonso/.local/lib/python3.8/site-packages/airflow/example_dags/example_kubernetes_executor_config.py for tasks to queue
[2022-04-21 22:51:56,144] {logging_mixin.py:109} INFO - [2022-04-21 22:51:56,144] {dagbag.py:500} INFO - Filling up the DagBag from /home/daalonso/.local/lib/python3.8/site-packages/airflow/example_dags/example_kubernetes_executor_config.py
[2022-04-21 22:51:56,173] {logging_mixin.py:109} INFO - [2022-04-21 22:51:56,172] {example_kubernetes_executor_config.py:171} WARNING - Could not import DAGs in example_kubernetes_executor_config.py: No module named 'kubernetes'
[2022-04-21 22:51:56,173] {logging_mixin.py:109} INFO - [2022-04-21 22:51:56,173] {example_kubernetes_executor_config.py:172} WARNING - Install kubernetes dependencies with: pip install apache-airflow['cncf.kubernetes']
[2022-04-21 22:51:56,206] {processor.py:639} WARNING - No viable dags retrieved from /home/daalonso/.local/lib/python3.8/site-packages/airflow/example_dags/example_kubernetes_executor_config.py
[2022-04-21 22:51:56,214] {processor.py:171} INFO - Processing /home/daalonso/.local/lib/python3.8/site-packages/airflow/example_dags/example_kubernetes_executor_config.py took 0.087 seconds
[2022-04-21 22:52:56,399] {processor.py:163} INFO - Started process (PID=1104) to work on /home/daalonso/.local/lib/python3.8/site-packages/airflow/example_dags/example_kubernetes_executor_config.py
[2022-04-21 22:52:56,404] {processor.py:625} INFO - Processing file /home/daalonso/.local/lib/python3.8/site-packages/airflow/example_dags/example_kubernetes_executor_config.py for tasks to queue
[2022-04-21 22:52:56,405] {logging_mixin.py:109} INFO - [2022-04-21 22:52:56,405] {dagbag.py:500} INFO - Filling up the DagBag from /home/daalonso/.local/lib/python3.8/site-packages/airflow/example_dags/example_kubernetes_executor_config.py
[2022-04-21 22:52:56,428] {logging_mixin.py:109} INFO - [2022-04-21 22:52:56,428] {example_kubernetes_executor_config.py:171} WARNING - Could not import DAGs in example_kubernetes_executor_config.py: No module named 'kubernetes'
[2022-04-21 22:52:56,428] {logging_mixin.py:109} INFO - [2022-04-21 22:52:56,428] {example_kubernetes_executor_config.py:172} WARNING - Install kubernetes dependencies with: pip install apache-airflow['cncf.kubernetes']
[2022-04-21 22:52:56,453] {processor.py:639} WARNING - No viable dags retrieved from /home/daalonso/.local/lib/python3.8/site-packages/airflow/example_dags/example_kubernetes_executor_config.py
[2022-04-21 22:52:56,457] {processor.py:171} INFO - Processing /home/daalonso/.local/lib/python3.8/site-packages/airflow/example_dags/example_kubernetes_executor_config.py took 0.068 seconds
[2022-04-21 22:53:59,053] {processor.py:163} INFO - Started process (PID=1280) to work on /home/daalonso/.local/lib/python3.8/site-packages/airflow/example_dags/example_kubernetes_executor_config.py
[2022-04-21 22:53:59,056] {processor.py:625} INFO - Processing file /home/daalonso/.local/lib/python3.8/site-packages/airflow/example_dags/example_kubernetes_executor_config.py for tasks to queue
[2022-04-21 22:53:59,058] {logging_mixin.py:109} INFO - [2022-04-21 22:53:59,058] {dagbag.py:500} INFO - Filling up the DagBag from /home/daalonso/.local/lib/python3.8/site-packages/airflow/example_dags/example_kubernetes_executor_config.py
[2022-04-21 22:53:59,073] {logging_mixin.py:109} INFO - [2022-04-21 22:53:59,073] {example_kubernetes_executor_config.py:171} WARNING - Could not import DAGs in example_kubernetes_executor_config.py: No module named 'kubernetes'
[2022-04-21 22:53:59,073] {logging_mixin.py:109} INFO - [2022-04-21 22:53:59,073] {example_kubernetes_executor_config.py:172} WARNING - Install kubernetes dependencies with: pip install apache-airflow['cncf.kubernetes']
[2022-04-21 22:53:59,096] {processor.py:639} WARNING - No viable dags retrieved from /home/daalonso/.local/lib/python3.8/site-packages/airflow/example_dags/example_kubernetes_executor_config.py
[2022-04-21 22:53:59,099] {processor.py:171} INFO - Processing /home/daalonso/.local/lib/python3.8/site-packages/airflow/example_dags/example_kubernetes_executor_config.py took 0.056 seconds
[2022-04-21 22:54:56,564] {processor.py:163} INFO - Started process (PID=1372) to work on /home/daalonso/.local/lib/python3.8/site-packages/airflow/example_dags/example_kubernetes_executor_config.py
[2022-04-21 22:54:56,565] {processor.py:625} INFO - Processing file /home/daalonso/.local/lib/python3.8/site-packages/airflow/example_dags/example_kubernetes_executor_config.py for tasks to queue
[2022-04-21 22:54:56,566] {logging_mixin.py:109} INFO - [2022-04-21 22:54:56,566] {dagbag.py:500} INFO - Filling up the DagBag from /home/daalonso/.local/lib/python3.8/site-packages/airflow/example_dags/example_kubernetes_executor_config.py
[2022-04-21 22:54:56,590] {logging_mixin.py:109} INFO - [2022-04-21 22:54:56,590] {example_kubernetes_executor_config.py:171} WARNING - Could not import DAGs in example_kubernetes_executor_config.py: No module named 'kubernetes'
[2022-04-21 22:54:56,590] {logging_mixin.py:109} INFO - [2022-04-21 22:54:56,590] {example_kubernetes_executor_config.py:172} WARNING - Install kubernetes dependencies with: pip install apache-airflow['cncf.kubernetes']
[2022-04-21 22:54:56,607] {processor.py:639} WARNING - No viable dags retrieved from /home/daalonso/.local/lib/python3.8/site-packages/airflow/example_dags/example_kubernetes_executor_config.py
[2022-04-21 22:54:56,610] {processor.py:171} INFO - Processing /home/daalonso/.local/lib/python3.8/site-packages/airflow/example_dags/example_kubernetes_executor_config.py took 0.055 seconds
[2022-04-21 22:55:53,044] {processor.py:163} INFO - Started process (PID=1466) to work on /home/daalonso/.local/lib/python3.8/site-packages/airflow/example_dags/example_kubernetes_executor_config.py
[2022-04-21 22:55:53,046] {processor.py:625} INFO - Processing file /home/daalonso/.local/lib/python3.8/site-packages/airflow/example_dags/example_kubernetes_executor_config.py for tasks to queue
[2022-04-21 22:55:53,046] {logging_mixin.py:109} INFO - [2022-04-21 22:55:53,046] {dagbag.py:500} INFO - Filling up the DagBag from /home/daalonso/.local/lib/python3.8/site-packages/airflow/example_dags/example_kubernetes_executor_config.py
[2022-04-21 22:55:53,062] {logging_mixin.py:109} INFO - [2022-04-21 22:55:53,061] {example_kubernetes_executor_config.py:171} WARNING - Could not import DAGs in example_kubernetes_executor_config.py: No module named 'kubernetes'
[2022-04-21 22:55:53,062] {logging_mixin.py:109} INFO - [2022-04-21 22:55:53,062] {example_kubernetes_executor_config.py:172} WARNING - Install kubernetes dependencies with: pip install apache-airflow['cncf.kubernetes']
[2022-04-21 22:55:53,074] {processor.py:639} WARNING - No viable dags retrieved from /home/daalonso/.local/lib/python3.8/site-packages/airflow/example_dags/example_kubernetes_executor_config.py
[2022-04-21 22:55:53,077] {processor.py:171} INFO - Processing /home/daalonso/.local/lib/python3.8/site-packages/airflow/example_dags/example_kubernetes_executor_config.py took 0.038 seconds
