[2022-04-21 22:50:41,067] {processor.py:163} INFO - Started process (PID=802) to work on /home/daalonso/.local/lib/python3.8/site-packages/airflow/example_dags/tutorial_taskflow_api_etl_virtualenv.py
[2022-04-21 22:50:41,070] {processor.py:625} INFO - Processing file /home/daalonso/.local/lib/python3.8/site-packages/airflow/example_dags/tutorial_taskflow_api_etl_virtualenv.py for tasks to queue
[2022-04-21 22:50:41,071] {logging_mixin.py:109} INFO - [2022-04-21 22:50:41,071] {dagbag.py:500} INFO - Filling up the DagBag from /home/daalonso/.local/lib/python3.8/site-packages/airflow/example_dags/tutorial_taskflow_api_etl_virtualenv.py
[2022-04-21 22:50:41,152] {processor.py:637} INFO - DAG(s) dict_keys(['tutorial_taskflow_api_etl_virtualenv']) retrieved from /home/daalonso/.local/lib/python3.8/site-packages/airflow/example_dags/tutorial_taskflow_api_etl_virtualenv.py
[2022-04-21 22:50:41,160] {logging_mixin.py:109} INFO - [2022-04-21 22:50:41,160] {dag.py:2396} INFO - Sync 1 DAGs
[2022-04-21 22:50:41,187] {logging_mixin.py:109} INFO - [2022-04-21 22:50:41,187] {dag.py:2928} INFO - Setting next_dagrun for tutorial_taskflow_api_etl_virtualenv to None
[2022-04-21 22:50:41,203] {processor.py:171} INFO - Processing /home/daalonso/.local/lib/python3.8/site-packages/airflow/example_dags/tutorial_taskflow_api_etl_virtualenv.py took 0.146 seconds
[2022-04-21 22:51:27,247] {processor.py:163} INFO - Started process (PID=905) to work on /home/daalonso/.local/lib/python3.8/site-packages/airflow/example_dags/tutorial_taskflow_api_etl_virtualenv.py
[2022-04-21 22:51:27,251] {processor.py:625} INFO - Processing file /home/daalonso/.local/lib/python3.8/site-packages/airflow/example_dags/tutorial_taskflow_api_etl_virtualenv.py for tasks to queue
[2022-04-21 22:51:27,253] {logging_mixin.py:109} INFO - [2022-04-21 22:51:27,253] {dagbag.py:500} INFO - Filling up the DagBag from /home/daalonso/.local/lib/python3.8/site-packages/airflow/example_dags/tutorial_taskflow_api_etl_virtualenv.py
[2022-04-21 22:51:27,336] {processor.py:637} INFO - DAG(s) dict_keys(['tutorial_taskflow_api_etl_virtualenv']) retrieved from /home/daalonso/.local/lib/python3.8/site-packages/airflow/example_dags/tutorial_taskflow_api_etl_virtualenv.py
[2022-04-21 22:51:27,919] {logging_mixin.py:109} INFO - [2022-04-21 22:51:27,919] {dag.py:2396} INFO - Sync 1 DAGs
[2022-04-21 22:51:27,934] {logging_mixin.py:109} INFO - [2022-04-21 22:51:27,934] {dag.py:2928} INFO - Setting next_dagrun for tutorial_taskflow_api_etl_virtualenv to None
[2022-04-21 22:51:27,949] {processor.py:171} INFO - Processing /home/daalonso/.local/lib/python3.8/site-packages/airflow/example_dags/tutorial_taskflow_api_etl_virtualenv.py took 0.711 seconds
[2022-04-21 22:52:06,997] {processor.py:163} INFO - Started process (PID=982) to work on /home/daalonso/.local/lib/python3.8/site-packages/airflow/example_dags/tutorial_taskflow_api_etl_virtualenv.py
[2022-04-21 22:52:07,011] {processor.py:625} INFO - Processing file /home/daalonso/.local/lib/python3.8/site-packages/airflow/example_dags/tutorial_taskflow_api_etl_virtualenv.py for tasks to queue
[2022-04-21 22:52:07,013] {logging_mixin.py:109} INFO - [2022-04-21 22:52:07,012] {dagbag.py:500} INFO - Filling up the DagBag from /home/daalonso/.local/lib/python3.8/site-packages/airflow/example_dags/tutorial_taskflow_api_etl_virtualenv.py
[2022-04-21 22:52:07,108] {processor.py:637} INFO - DAG(s) dict_keys(['tutorial_taskflow_api_etl_virtualenv']) retrieved from /home/daalonso/.local/lib/python3.8/site-packages/airflow/example_dags/tutorial_taskflow_api_etl_virtualenv.py
[2022-04-21 22:52:07,902] {logging_mixin.py:109} INFO - [2022-04-21 22:52:07,902] {dag.py:2396} INFO - Sync 1 DAGs
[2022-04-21 22:52:07,916] {logging_mixin.py:109} INFO - [2022-04-21 22:52:07,916] {dag.py:2928} INFO - Setting next_dagrun for tutorial_taskflow_api_etl_virtualenv to None
[2022-04-21 22:52:07,938] {processor.py:171} INFO - Processing /home/daalonso/.local/lib/python3.8/site-packages/airflow/example_dags/tutorial_taskflow_api_etl_virtualenv.py took 0.950 seconds
[2022-04-21 22:52:49,568] {processor.py:163} INFO - Started process (PID=1088) to work on /home/daalonso/.local/lib/python3.8/site-packages/airflow/example_dags/tutorial_taskflow_api_etl_virtualenv.py
[2022-04-21 22:52:49,571] {processor.py:625} INFO - Processing file /home/daalonso/.local/lib/python3.8/site-packages/airflow/example_dags/tutorial_taskflow_api_etl_virtualenv.py for tasks to queue
[2022-04-21 22:52:49,572] {logging_mixin.py:109} INFO - [2022-04-21 22:52:49,572] {dagbag.py:500} INFO - Filling up the DagBag from /home/daalonso/.local/lib/python3.8/site-packages/airflow/example_dags/tutorial_taskflow_api_etl_virtualenv.py
[2022-04-21 22:52:49,667] {processor.py:637} INFO - DAG(s) dict_keys(['tutorial_taskflow_api_etl_virtualenv']) retrieved from /home/daalonso/.local/lib/python3.8/site-packages/airflow/example_dags/tutorial_taskflow_api_etl_virtualenv.py
[2022-04-21 22:52:50,486] {logging_mixin.py:109} INFO - [2022-04-21 22:52:50,485] {dag.py:2396} INFO - Sync 1 DAGs
[2022-04-21 22:52:50,549] {logging_mixin.py:109} INFO - [2022-04-21 22:52:50,549] {dag.py:2928} INFO - Setting next_dagrun for tutorial_taskflow_api_etl_virtualenv to None
[2022-04-21 22:52:50,584] {processor.py:171} INFO - Processing /home/daalonso/.local/lib/python3.8/site-packages/airflow/example_dags/tutorial_taskflow_api_etl_virtualenv.py took 1.023 seconds
[2022-04-21 22:53:30,264] {processor.py:163} INFO - Started process (PID=1215) to work on /home/daalonso/.local/lib/python3.8/site-packages/airflow/example_dags/tutorial_taskflow_api_etl_virtualenv.py
[2022-04-21 22:53:30,269] {processor.py:625} INFO - Processing file /home/daalonso/.local/lib/python3.8/site-packages/airflow/example_dags/tutorial_taskflow_api_etl_virtualenv.py for tasks to queue
[2022-04-21 22:53:30,271] {logging_mixin.py:109} INFO - [2022-04-21 22:53:30,271] {dagbag.py:500} INFO - Filling up the DagBag from /home/daalonso/.local/lib/python3.8/site-packages/airflow/example_dags/tutorial_taskflow_api_etl_virtualenv.py
[2022-04-21 22:53:30,403] {processor.py:637} INFO - DAG(s) dict_keys(['tutorial_taskflow_api_etl_virtualenv']) retrieved from /home/daalonso/.local/lib/python3.8/site-packages/airflow/example_dags/tutorial_taskflow_api_etl_virtualenv.py
[2022-04-21 22:53:30,945] {logging_mixin.py:109} INFO - [2022-04-21 22:53:30,945] {dag.py:2396} INFO - Sync 1 DAGs
[2022-04-21 22:53:30,960] {logging_mixin.py:109} INFO - [2022-04-21 22:53:30,959] {dag.py:2928} INFO - Setting next_dagrun for tutorial_taskflow_api_etl_virtualenv to None
[2022-04-21 22:53:30,972] {processor.py:171} INFO - Processing /home/daalonso/.local/lib/python3.8/site-packages/airflow/example_dags/tutorial_taskflow_api_etl_virtualenv.py took 0.719 seconds
[2022-04-21 22:54:12,468] {processor.py:163} INFO - Started process (PID=1299) to work on /home/daalonso/.local/lib/python3.8/site-packages/airflow/example_dags/tutorial_taskflow_api_etl_virtualenv.py
[2022-04-21 22:54:12,473] {processor.py:625} INFO - Processing file /home/daalonso/.local/lib/python3.8/site-packages/airflow/example_dags/tutorial_taskflow_api_etl_virtualenv.py for tasks to queue
[2022-04-21 22:54:12,478] {logging_mixin.py:109} INFO - [2022-04-21 22:54:12,477] {dagbag.py:500} INFO - Filling up the DagBag from /home/daalonso/.local/lib/python3.8/site-packages/airflow/example_dags/tutorial_taskflow_api_etl_virtualenv.py
[2022-04-21 22:54:12,615] {processor.py:637} INFO - DAG(s) dict_keys(['tutorial_taskflow_api_etl_virtualenv']) retrieved from /home/daalonso/.local/lib/python3.8/site-packages/airflow/example_dags/tutorial_taskflow_api_etl_virtualenv.py
[2022-04-21 22:54:13,311] {logging_mixin.py:109} INFO - [2022-04-21 22:54:13,311] {dag.py:2396} INFO - Sync 1 DAGs
[2022-04-21 22:54:13,331] {logging_mixin.py:109} INFO - [2022-04-21 22:54:13,331] {dag.py:2928} INFO - Setting next_dagrun for tutorial_taskflow_api_etl_virtualenv to None
[2022-04-21 22:54:13,346] {processor.py:171} INFO - Processing /home/daalonso/.local/lib/python3.8/site-packages/airflow/example_dags/tutorial_taskflow_api_etl_virtualenv.py took 0.895 seconds
[2022-04-21 22:54:51,335] {processor.py:163} INFO - Started process (PID=1364) to work on /home/daalonso/.local/lib/python3.8/site-packages/airflow/example_dags/tutorial_taskflow_api_etl_virtualenv.py
[2022-04-21 22:54:51,338] {processor.py:625} INFO - Processing file /home/daalonso/.local/lib/python3.8/site-packages/airflow/example_dags/tutorial_taskflow_api_etl_virtualenv.py for tasks to queue
[2022-04-21 22:54:51,339] {logging_mixin.py:109} INFO - [2022-04-21 22:54:51,339] {dagbag.py:500} INFO - Filling up the DagBag from /home/daalonso/.local/lib/python3.8/site-packages/airflow/example_dags/tutorial_taskflow_api_etl_virtualenv.py
[2022-04-21 22:54:51,422] {processor.py:637} INFO - DAG(s) dict_keys(['tutorial_taskflow_api_etl_virtualenv']) retrieved from /home/daalonso/.local/lib/python3.8/site-packages/airflow/example_dags/tutorial_taskflow_api_etl_virtualenv.py
[2022-04-21 22:54:52,123] {logging_mixin.py:109} INFO - [2022-04-21 22:54:52,123] {dag.py:2396} INFO - Sync 1 DAGs
[2022-04-21 22:54:52,142] {logging_mixin.py:109} INFO - [2022-04-21 22:54:52,142] {dag.py:2928} INFO - Setting next_dagrun for tutorial_taskflow_api_etl_virtualenv to None
[2022-04-21 22:54:52,158] {processor.py:171} INFO - Processing /home/daalonso/.local/lib/python3.8/site-packages/airflow/example_dags/tutorial_taskflow_api_etl_virtualenv.py took 0.833 seconds
[2022-04-21 22:55:40,297] {processor.py:163} INFO - Started process (PID=1448) to work on /home/daalonso/.local/lib/python3.8/site-packages/airflow/example_dags/tutorial_taskflow_api_etl_virtualenv.py
[2022-04-21 22:55:40,301] {processor.py:625} INFO - Processing file /home/daalonso/.local/lib/python3.8/site-packages/airflow/example_dags/tutorial_taskflow_api_etl_virtualenv.py for tasks to queue
[2022-04-21 22:55:40,303] {logging_mixin.py:109} INFO - [2022-04-21 22:55:40,303] {dagbag.py:500} INFO - Filling up the DagBag from /home/daalonso/.local/lib/python3.8/site-packages/airflow/example_dags/tutorial_taskflow_api_etl_virtualenv.py
[2022-04-21 22:55:40,394] {processor.py:637} INFO - DAG(s) dict_keys(['tutorial_taskflow_api_etl_virtualenv']) retrieved from /home/daalonso/.local/lib/python3.8/site-packages/airflow/example_dags/tutorial_taskflow_api_etl_virtualenv.py
[2022-04-21 22:55:41,054] {logging_mixin.py:109} INFO - [2022-04-21 22:55:41,054] {dag.py:2396} INFO - Sync 1 DAGs
[2022-04-21 22:55:41,087] {logging_mixin.py:109} INFO - [2022-04-21 22:55:41,087] {dag.py:2928} INFO - Setting next_dagrun for tutorial_taskflow_api_etl_virtualenv to None
[2022-04-21 22:55:41,123] {processor.py:171} INFO - Processing /home/daalonso/.local/lib/python3.8/site-packages/airflow/example_dags/tutorial_taskflow_api_etl_virtualenv.py took 0.838 seconds
[2022-04-21 22:56:19,557] {processor.py:163} INFO - Started process (PID=1511) to work on /home/daalonso/.local/lib/python3.8/site-packages/airflow/example_dags/tutorial_taskflow_api_etl_virtualenv.py
[2022-04-21 22:56:19,560] {processor.py:625} INFO - Processing file /home/daalonso/.local/lib/python3.8/site-packages/airflow/example_dags/tutorial_taskflow_api_etl_virtualenv.py for tasks to queue
[2022-04-21 22:56:19,562] {logging_mixin.py:109} INFO - [2022-04-21 22:56:19,561] {dagbag.py:500} INFO - Filling up the DagBag from /home/daalonso/.local/lib/python3.8/site-packages/airflow/example_dags/tutorial_taskflow_api_etl_virtualenv.py
[2022-04-21 22:56:19,641] {processor.py:637} INFO - DAG(s) dict_keys(['tutorial_taskflow_api_etl_virtualenv']) retrieved from /home/daalonso/.local/lib/python3.8/site-packages/airflow/example_dags/tutorial_taskflow_api_etl_virtualenv.py
[2022-04-21 22:56:20,415] {logging_mixin.py:109} INFO - [2022-04-21 22:56:20,415] {dag.py:2396} INFO - Sync 1 DAGs
[2022-04-21 22:56:20,441] {logging_mixin.py:109} INFO - [2022-04-21 22:56:20,440] {dag.py:2928} INFO - Setting next_dagrun for tutorial_taskflow_api_etl_virtualenv to None
[2022-04-21 22:56:20,466] {processor.py:171} INFO - Processing /home/daalonso/.local/lib/python3.8/site-packages/airflow/example_dags/tutorial_taskflow_api_etl_virtualenv.py took 0.918 seconds
