[2022-04-21 22:50:43,973] {processor.py:163} INFO - Started process (PID=806) to work on /home/daalonso/.local/lib/python3.8/site-packages/airflow/example_dags/tutorial_etl_dag.py
[2022-04-21 22:50:43,975] {processor.py:625} INFO - Processing file /home/daalonso/.local/lib/python3.8/site-packages/airflow/example_dags/tutorial_etl_dag.py for tasks to queue
[2022-04-21 22:50:43,976] {logging_mixin.py:109} INFO - [2022-04-21 22:50:43,976] {dagbag.py:500} INFO - Filling up the DagBag from /home/daalonso/.local/lib/python3.8/site-packages/airflow/example_dags/tutorial_etl_dag.py
[2022-04-21 22:50:44,026] {processor.py:637} INFO - DAG(s) dict_keys(['tutorial_etl_dag']) retrieved from /home/daalonso/.local/lib/python3.8/site-packages/airflow/example_dags/tutorial_etl_dag.py
[2022-04-21 22:50:44,041] {logging_mixin.py:109} INFO - [2022-04-21 22:50:44,041] {dag.py:2396} INFO - Sync 1 DAGs
[2022-04-21 22:50:44,061] {logging_mixin.py:109} INFO - [2022-04-21 22:50:44,061] {dag.py:2928} INFO - Setting next_dagrun for tutorial_etl_dag to None
[2022-04-21 22:50:44,074] {processor.py:171} INFO - Processing /home/daalonso/.local/lib/python3.8/site-packages/airflow/example_dags/tutorial_etl_dag.py took 0.110 seconds
[2022-04-21 22:51:30,996] {processor.py:163} INFO - Started process (PID=910) to work on /home/daalonso/.local/lib/python3.8/site-packages/airflow/example_dags/tutorial_etl_dag.py
[2022-04-21 22:51:31,007] {processor.py:625} INFO - Processing file /home/daalonso/.local/lib/python3.8/site-packages/airflow/example_dags/tutorial_etl_dag.py for tasks to queue
[2022-04-21 22:51:31,008] {logging_mixin.py:109} INFO - [2022-04-21 22:51:31,008] {dagbag.py:500} INFO - Filling up the DagBag from /home/daalonso/.local/lib/python3.8/site-packages/airflow/example_dags/tutorial_etl_dag.py
[2022-04-21 22:51:31,080] {processor.py:637} INFO - DAG(s) dict_keys(['tutorial_etl_dag']) retrieved from /home/daalonso/.local/lib/python3.8/site-packages/airflow/example_dags/tutorial_etl_dag.py
[2022-04-21 22:51:31,101] {logging_mixin.py:109} INFO - [2022-04-21 22:51:31,101] {dag.py:2396} INFO - Sync 1 DAGs
[2022-04-21 22:51:31,127] {logging_mixin.py:109} INFO - [2022-04-21 22:51:31,127] {dag.py:2928} INFO - Setting next_dagrun for tutorial_etl_dag to None
[2022-04-21 22:51:31,143] {processor.py:171} INFO - Processing /home/daalonso/.local/lib/python3.8/site-packages/airflow/example_dags/tutorial_etl_dag.py took 0.155 seconds
[2022-04-21 22:52:21,952] {processor.py:163} INFO - Started process (PID=1007) to work on /home/daalonso/.local/lib/python3.8/site-packages/airflow/example_dags/tutorial_etl_dag.py
[2022-04-21 22:52:21,965] {processor.py:625} INFO - Processing file /home/daalonso/.local/lib/python3.8/site-packages/airflow/example_dags/tutorial_etl_dag.py for tasks to queue
[2022-04-21 22:52:21,968] {logging_mixin.py:109} INFO - [2022-04-21 22:52:21,967] {dagbag.py:500} INFO - Filling up the DagBag from /home/daalonso/.local/lib/python3.8/site-packages/airflow/example_dags/tutorial_etl_dag.py
[2022-04-21 22:52:22,040] {processor.py:637} INFO - DAG(s) dict_keys(['tutorial_etl_dag']) retrieved from /home/daalonso/.local/lib/python3.8/site-packages/airflow/example_dags/tutorial_etl_dag.py
[2022-04-21 22:52:22,066] {logging_mixin.py:109} INFO - [2022-04-21 22:52:22,066] {dag.py:2396} INFO - Sync 1 DAGs
[2022-04-21 22:52:22,090] {logging_mixin.py:109} INFO - [2022-04-21 22:52:22,090] {dag.py:2928} INFO - Setting next_dagrun for tutorial_etl_dag to None
[2022-04-21 22:52:22,112] {processor.py:171} INFO - Processing /home/daalonso/.local/lib/python3.8/site-packages/airflow/example_dags/tutorial_etl_dag.py took 0.174 seconds
[2022-04-21 22:53:03,613] {processor.py:163} INFO - Started process (PID=1119) to work on /home/daalonso/.local/lib/python3.8/site-packages/airflow/example_dags/tutorial_etl_dag.py
[2022-04-21 22:53:03,616] {processor.py:625} INFO - Processing file /home/daalonso/.local/lib/python3.8/site-packages/airflow/example_dags/tutorial_etl_dag.py for tasks to queue
[2022-04-21 22:53:03,617] {logging_mixin.py:109} INFO - [2022-04-21 22:53:03,617] {dagbag.py:500} INFO - Filling up the DagBag from /home/daalonso/.local/lib/python3.8/site-packages/airflow/example_dags/tutorial_etl_dag.py
[2022-04-21 22:53:03,686] {processor.py:637} INFO - DAG(s) dict_keys(['tutorial_etl_dag']) retrieved from /home/daalonso/.local/lib/python3.8/site-packages/airflow/example_dags/tutorial_etl_dag.py
[2022-04-21 22:53:03,706] {logging_mixin.py:109} INFO - [2022-04-21 22:53:03,706] {dag.py:2396} INFO - Sync 1 DAGs
[2022-04-21 22:53:03,733] {logging_mixin.py:109} INFO - [2022-04-21 22:53:03,733] {dag.py:2928} INFO - Setting next_dagrun for tutorial_etl_dag to None
[2022-04-21 22:53:03,749] {processor.py:171} INFO - Processing /home/daalonso/.local/lib/python3.8/site-packages/airflow/example_dags/tutorial_etl_dag.py took 0.143 seconds
[2022-04-21 22:53:45,851] {processor.py:163} INFO - Started process (PID=1262) to work on /home/daalonso/.local/lib/python3.8/site-packages/airflow/example_dags/tutorial_etl_dag.py
[2022-04-21 22:53:45,856] {processor.py:625} INFO - Processing file /home/daalonso/.local/lib/python3.8/site-packages/airflow/example_dags/tutorial_etl_dag.py for tasks to queue
[2022-04-21 22:53:45,859] {logging_mixin.py:109} INFO - [2022-04-21 22:53:45,859] {dagbag.py:500} INFO - Filling up the DagBag from /home/daalonso/.local/lib/python3.8/site-packages/airflow/example_dags/tutorial_etl_dag.py
[2022-04-21 22:53:45,951] {processor.py:637} INFO - DAG(s) dict_keys(['tutorial_etl_dag']) retrieved from /home/daalonso/.local/lib/python3.8/site-packages/airflow/example_dags/tutorial_etl_dag.py
[2022-04-21 22:53:45,994] {logging_mixin.py:109} INFO - [2022-04-21 22:53:45,994] {dag.py:2396} INFO - Sync 1 DAGs
[2022-04-21 22:53:46,045] {logging_mixin.py:109} INFO - [2022-04-21 22:53:46,045] {dag.py:2928} INFO - Setting next_dagrun for tutorial_etl_dag to None
[2022-04-21 22:53:46,079] {processor.py:171} INFO - Processing /home/daalonso/.local/lib/python3.8/site-packages/airflow/example_dags/tutorial_etl_dag.py took 0.240 seconds
[2022-04-21 22:54:25,625] {processor.py:163} INFO - Started process (PID=1318) to work on /home/daalonso/.local/lib/python3.8/site-packages/airflow/example_dags/tutorial_etl_dag.py
[2022-04-21 22:54:25,628] {processor.py:625} INFO - Processing file /home/daalonso/.local/lib/python3.8/site-packages/airflow/example_dags/tutorial_etl_dag.py for tasks to queue
[2022-04-21 22:54:25,629] {logging_mixin.py:109} INFO - [2022-04-21 22:54:25,629] {dagbag.py:500} INFO - Filling up the DagBag from /home/daalonso/.local/lib/python3.8/site-packages/airflow/example_dags/tutorial_etl_dag.py
[2022-04-21 22:54:25,674] {processor.py:637} INFO - DAG(s) dict_keys(['tutorial_etl_dag']) retrieved from /home/daalonso/.local/lib/python3.8/site-packages/airflow/example_dags/tutorial_etl_dag.py
[2022-04-21 22:54:25,684] {logging_mixin.py:109} INFO - [2022-04-21 22:54:25,684] {dag.py:2396} INFO - Sync 1 DAGs
[2022-04-21 22:54:25,702] {logging_mixin.py:109} INFO - [2022-04-21 22:54:25,702] {dag.py:2928} INFO - Setting next_dagrun for tutorial_etl_dag to None
[2022-04-21 22:54:25,730] {processor.py:171} INFO - Processing /home/daalonso/.local/lib/python3.8/site-packages/airflow/example_dags/tutorial_etl_dag.py took 0.115 seconds
[2022-04-21 22:55:04,915] {processor.py:163} INFO - Started process (PID=1385) to work on /home/daalonso/.local/lib/python3.8/site-packages/airflow/example_dags/tutorial_etl_dag.py
[2022-04-21 22:55:04,917] {processor.py:625} INFO - Processing file /home/daalonso/.local/lib/python3.8/site-packages/airflow/example_dags/tutorial_etl_dag.py for tasks to queue
[2022-04-21 22:55:04,918] {logging_mixin.py:109} INFO - [2022-04-21 22:55:04,918] {dagbag.py:500} INFO - Filling up the DagBag from /home/daalonso/.local/lib/python3.8/site-packages/airflow/example_dags/tutorial_etl_dag.py
[2022-04-21 22:55:04,963] {processor.py:637} INFO - DAG(s) dict_keys(['tutorial_etl_dag']) retrieved from /home/daalonso/.local/lib/python3.8/site-packages/airflow/example_dags/tutorial_etl_dag.py
[2022-04-21 22:55:04,981] {logging_mixin.py:109} INFO - [2022-04-21 22:55:04,981] {dag.py:2396} INFO - Sync 1 DAGs
[2022-04-21 22:55:05,003] {logging_mixin.py:109} INFO - [2022-04-21 22:55:05,002] {dag.py:2928} INFO - Setting next_dagrun for tutorial_etl_dag to None
[2022-04-21 22:55:05,020] {processor.py:171} INFO - Processing /home/daalonso/.local/lib/python3.8/site-packages/airflow/example_dags/tutorial_etl_dag.py took 0.112 seconds
[2022-04-21 22:55:44,320] {processor.py:163} INFO - Started process (PID=1453) to work on /home/daalonso/.local/lib/python3.8/site-packages/airflow/example_dags/tutorial_etl_dag.py
[2022-04-21 22:55:44,323] {processor.py:625} INFO - Processing file /home/daalonso/.local/lib/python3.8/site-packages/airflow/example_dags/tutorial_etl_dag.py for tasks to queue
[2022-04-21 22:55:44,324] {logging_mixin.py:109} INFO - [2022-04-21 22:55:44,324] {dagbag.py:500} INFO - Filling up the DagBag from /home/daalonso/.local/lib/python3.8/site-packages/airflow/example_dags/tutorial_etl_dag.py
[2022-04-21 22:55:44,378] {processor.py:637} INFO - DAG(s) dict_keys(['tutorial_etl_dag']) retrieved from /home/daalonso/.local/lib/python3.8/site-packages/airflow/example_dags/tutorial_etl_dag.py
[2022-04-21 22:55:44,401] {logging_mixin.py:109} INFO - [2022-04-21 22:55:44,399] {dag.py:2396} INFO - Sync 1 DAGs
[2022-04-21 22:55:44,520] {logging_mixin.py:109} INFO - [2022-04-21 22:55:44,519] {dag.py:2928} INFO - Setting next_dagrun for tutorial_etl_dag to None
[2022-04-21 22:55:44,547] {processor.py:171} INFO - Processing /home/daalonso/.local/lib/python3.8/site-packages/airflow/example_dags/tutorial_etl_dag.py took 0.235 seconds
[2022-04-21 22:56:23,714] {processor.py:163} INFO - Started process (PID=1516) to work on /home/daalonso/.local/lib/python3.8/site-packages/airflow/example_dags/tutorial_etl_dag.py
[2022-04-21 22:56:23,726] {processor.py:625} INFO - Processing file /home/daalonso/.local/lib/python3.8/site-packages/airflow/example_dags/tutorial_etl_dag.py for tasks to queue
[2022-04-21 22:56:23,728] {logging_mixin.py:109} INFO - [2022-04-21 22:56:23,727] {dagbag.py:500} INFO - Filling up the DagBag from /home/daalonso/.local/lib/python3.8/site-packages/airflow/example_dags/tutorial_etl_dag.py
[2022-04-21 22:56:23,790] {processor.py:637} INFO - DAG(s) dict_keys(['tutorial_etl_dag']) retrieved from /home/daalonso/.local/lib/python3.8/site-packages/airflow/example_dags/tutorial_etl_dag.py
[2022-04-21 22:56:23,804] {logging_mixin.py:109} INFO - [2022-04-21 22:56:23,804] {dag.py:2396} INFO - Sync 1 DAGs
[2022-04-21 22:56:23,819] {logging_mixin.py:109} INFO - [2022-04-21 22:56:23,819] {dag.py:2928} INFO - Setting next_dagrun for tutorial_etl_dag to None
[2022-04-21 22:56:23,832] {processor.py:171} INFO - Processing /home/daalonso/.local/lib/python3.8/site-packages/airflow/example_dags/tutorial_etl_dag.py took 0.126 seconds
