[2022-04-21 22:50:39,157] {processor.py:163} INFO - Started process (PID=799) to work on /home/daalonso/.local/lib/python3.8/site-packages/airflow/example_dags/subdags/subdag.py
[2022-04-21 22:50:39,161] {processor.py:625} INFO - Processing file /home/daalonso/.local/lib/python3.8/site-packages/airflow/example_dags/subdags/subdag.py for tasks to queue
[2022-04-21 22:50:39,162] {logging_mixin.py:109} INFO - [2022-04-21 22:50:39,162] {dagbag.py:500} INFO - Filling up the DagBag from /home/daalonso/.local/lib/python3.8/site-packages/airflow/example_dags/subdags/subdag.py
[2022-04-21 22:50:39,204] {processor.py:639} WARNING - No viable dags retrieved from /home/daalonso/.local/lib/python3.8/site-packages/airflow/example_dags/subdags/subdag.py
[2022-04-21 22:50:39,210] {processor.py:171} INFO - Processing /home/daalonso/.local/lib/python3.8/site-packages/airflow/example_dags/subdags/subdag.py took 0.063 seconds
[2022-04-21 22:51:24,836] {processor.py:163} INFO - Started process (PID=902) to work on /home/daalonso/.local/lib/python3.8/site-packages/airflow/example_dags/subdags/subdag.py
[2022-04-21 22:51:24,839] {processor.py:625} INFO - Processing file /home/daalonso/.local/lib/python3.8/site-packages/airflow/example_dags/subdags/subdag.py for tasks to queue
[2022-04-21 22:51:24,840] {logging_mixin.py:109} INFO - [2022-04-21 22:51:24,840] {dagbag.py:500} INFO - Filling up the DagBag from /home/daalonso/.local/lib/python3.8/site-packages/airflow/example_dags/subdags/subdag.py
[2022-04-21 22:51:24,867] {processor.py:639} WARNING - No viable dags retrieved from /home/daalonso/.local/lib/python3.8/site-packages/airflow/example_dags/subdags/subdag.py
[2022-04-21 22:51:24,871] {processor.py:171} INFO - Processing /home/daalonso/.local/lib/python3.8/site-packages/airflow/example_dags/subdags/subdag.py took 0.046 seconds
[2022-04-21 22:52:04,611] {processor.py:163} INFO - Started process (PID=971) to work on /home/daalonso/.local/lib/python3.8/site-packages/airflow/example_dags/subdags/subdag.py
[2022-04-21 22:52:04,616] {processor.py:625} INFO - Processing file /home/daalonso/.local/lib/python3.8/site-packages/airflow/example_dags/subdags/subdag.py for tasks to queue
[2022-04-21 22:52:04,617] {logging_mixin.py:109} INFO - [2022-04-21 22:52:04,617] {dagbag.py:500} INFO - Filling up the DagBag from /home/daalonso/.local/lib/python3.8/site-packages/airflow/example_dags/subdags/subdag.py
[2022-04-21 22:52:04,658] {processor.py:639} WARNING - No viable dags retrieved from /home/daalonso/.local/lib/python3.8/site-packages/airflow/example_dags/subdags/subdag.py
[2022-04-21 22:52:04,664] {processor.py:171} INFO - Processing /home/daalonso/.local/lib/python3.8/site-packages/airflow/example_dags/subdags/subdag.py took 0.062 seconds
[2022-04-21 22:52:47,144] {processor.py:163} INFO - Started process (PID=1085) to work on /home/daalonso/.local/lib/python3.8/site-packages/airflow/example_dags/subdags/subdag.py
[2022-04-21 22:52:47,146] {processor.py:625} INFO - Processing file /home/daalonso/.local/lib/python3.8/site-packages/airflow/example_dags/subdags/subdag.py for tasks to queue
[2022-04-21 22:52:47,147] {logging_mixin.py:109} INFO - [2022-04-21 22:52:47,147] {dagbag.py:500} INFO - Filling up the DagBag from /home/daalonso/.local/lib/python3.8/site-packages/airflow/example_dags/subdags/subdag.py
[2022-04-21 22:52:47,176] {processor.py:639} WARNING - No viable dags retrieved from /home/daalonso/.local/lib/python3.8/site-packages/airflow/example_dags/subdags/subdag.py
[2022-04-21 22:52:47,180] {processor.py:171} INFO - Processing /home/daalonso/.local/lib/python3.8/site-packages/airflow/example_dags/subdags/subdag.py took 0.043 seconds
[2022-04-21 22:53:27,837] {processor.py:163} INFO - Started process (PID=1208) to work on /home/daalonso/.local/lib/python3.8/site-packages/airflow/example_dags/subdags/subdag.py
[2022-04-21 22:53:27,839] {processor.py:625} INFO - Processing file /home/daalonso/.local/lib/python3.8/site-packages/airflow/example_dags/subdags/subdag.py for tasks to queue
[2022-04-21 22:53:27,840] {logging_mixin.py:109} INFO - [2022-04-21 22:53:27,840] {dagbag.py:500} INFO - Filling up the DagBag from /home/daalonso/.local/lib/python3.8/site-packages/airflow/example_dags/subdags/subdag.py
[2022-04-21 22:53:27,869] {processor.py:639} WARNING - No viable dags retrieved from /home/daalonso/.local/lib/python3.8/site-packages/airflow/example_dags/subdags/subdag.py
[2022-04-21 22:53:27,873] {processor.py:171} INFO - Processing /home/daalonso/.local/lib/python3.8/site-packages/airflow/example_dags/subdags/subdag.py took 0.044 seconds
[2022-04-21 22:54:10,344] {processor.py:163} INFO - Started process (PID=1296) to work on /home/daalonso/.local/lib/python3.8/site-packages/airflow/example_dags/subdags/subdag.py
[2022-04-21 22:54:10,348] {processor.py:625} INFO - Processing file /home/daalonso/.local/lib/python3.8/site-packages/airflow/example_dags/subdags/subdag.py for tasks to queue
[2022-04-21 22:54:10,350] {logging_mixin.py:109} INFO - [2022-04-21 22:54:10,350] {dagbag.py:500} INFO - Filling up the DagBag from /home/daalonso/.local/lib/python3.8/site-packages/airflow/example_dags/subdags/subdag.py
[2022-04-21 22:54:10,399] {processor.py:639} WARNING - No viable dags retrieved from /home/daalonso/.local/lib/python3.8/site-packages/airflow/example_dags/subdags/subdag.py
[2022-04-21 22:54:10,412] {processor.py:171} INFO - Processing /home/daalonso/.local/lib/python3.8/site-packages/airflow/example_dags/subdags/subdag.py took 0.077 seconds
[2022-04-21 22:54:48,680] {processor.py:163} INFO - Started process (PID=1360) to work on /home/daalonso/.local/lib/python3.8/site-packages/airflow/example_dags/subdags/subdag.py
[2022-04-21 22:54:48,685] {processor.py:625} INFO - Processing file /home/daalonso/.local/lib/python3.8/site-packages/airflow/example_dags/subdags/subdag.py for tasks to queue
[2022-04-21 22:54:48,687] {logging_mixin.py:109} INFO - [2022-04-21 22:54:48,687] {dagbag.py:500} INFO - Filling up the DagBag from /home/daalonso/.local/lib/python3.8/site-packages/airflow/example_dags/subdags/subdag.py
[2022-04-21 22:54:48,763] {processor.py:639} WARNING - No viable dags retrieved from /home/daalonso/.local/lib/python3.8/site-packages/airflow/example_dags/subdags/subdag.py
[2022-04-21 22:54:48,773] {processor.py:171} INFO - Processing /home/daalonso/.local/lib/python3.8/site-packages/airflow/example_dags/subdags/subdag.py took 0.106 seconds
[2022-04-21 22:55:25,607] {processor.py:163} INFO - Started process (PID=1420) to work on /home/daalonso/.local/lib/python3.8/site-packages/airflow/example_dags/subdags/subdag.py
[2022-04-21 22:55:25,610] {processor.py:625} INFO - Processing file /home/daalonso/.local/lib/python3.8/site-packages/airflow/example_dags/subdags/subdag.py for tasks to queue
[2022-04-21 22:55:25,612] {logging_mixin.py:109} INFO - [2022-04-21 22:55:25,612] {dagbag.py:500} INFO - Filling up the DagBag from /home/daalonso/.local/lib/python3.8/site-packages/airflow/example_dags/subdags/subdag.py
[2022-04-21 22:55:25,652] {processor.py:639} WARNING - No viable dags retrieved from /home/daalonso/.local/lib/python3.8/site-packages/airflow/example_dags/subdags/subdag.py
[2022-04-21 22:55:25,656] {processor.py:171} INFO - Processing /home/daalonso/.local/lib/python3.8/site-packages/airflow/example_dags/subdags/subdag.py took 0.058 seconds
[2022-04-21 22:56:04,669] {processor.py:163} INFO - Started process (PID=1482) to work on /home/daalonso/.local/lib/python3.8/site-packages/airflow/example_dags/subdags/subdag.py
[2022-04-21 22:56:04,671] {processor.py:625} INFO - Processing file /home/daalonso/.local/lib/python3.8/site-packages/airflow/example_dags/subdags/subdag.py for tasks to queue
[2022-04-21 22:56:04,672] {logging_mixin.py:109} INFO - [2022-04-21 22:56:04,671] {dagbag.py:500} INFO - Filling up the DagBag from /home/daalonso/.local/lib/python3.8/site-packages/airflow/example_dags/subdags/subdag.py
[2022-04-21 22:56:04,691] {processor.py:639} WARNING - No viable dags retrieved from /home/daalonso/.local/lib/python3.8/site-packages/airflow/example_dags/subdags/subdag.py
[2022-04-21 22:56:04,694] {processor.py:171} INFO - Processing /home/daalonso/.local/lib/python3.8/site-packages/airflow/example_dags/subdags/subdag.py took 0.030 seconds
