[2022-04-21 22:50:40,375] {processor.py:163} INFO - Started process (PID=801) to work on /home/daalonso/.local/lib/python3.8/site-packages/airflow/example_dags/plugins/workday.py
[2022-04-21 22:50:40,379] {processor.py:625} INFO - Processing file /home/daalonso/.local/lib/python3.8/site-packages/airflow/example_dags/plugins/workday.py for tasks to queue
[2022-04-21 22:50:40,384] {logging_mixin.py:109} INFO - [2022-04-21 22:50:40,383] {dagbag.py:500} INFO - Filling up the DagBag from /home/daalonso/.local/lib/python3.8/site-packages/airflow/example_dags/plugins/workday.py
[2022-04-21 22:50:40,428] {processor.py:639} WARNING - No viable dags retrieved from /home/daalonso/.local/lib/python3.8/site-packages/airflow/example_dags/plugins/workday.py
[2022-04-21 22:50:40,433] {processor.py:171} INFO - Processing /home/daalonso/.local/lib/python3.8/site-packages/airflow/example_dags/plugins/workday.py took 0.071 seconds
[2022-04-21 22:51:26,019] {processor.py:163} INFO - Started process (PID=903) to work on /home/daalonso/.local/lib/python3.8/site-packages/airflow/example_dags/plugins/workday.py
[2022-04-21 22:51:26,022] {processor.py:625} INFO - Processing file /home/daalonso/.local/lib/python3.8/site-packages/airflow/example_dags/plugins/workday.py for tasks to queue
[2022-04-21 22:51:26,023] {logging_mixin.py:109} INFO - [2022-04-21 22:51:26,023] {dagbag.py:500} INFO - Filling up the DagBag from /home/daalonso/.local/lib/python3.8/site-packages/airflow/example_dags/plugins/workday.py
[2022-04-21 22:51:26,051] {processor.py:639} WARNING - No viable dags retrieved from /home/daalonso/.local/lib/python3.8/site-packages/airflow/example_dags/plugins/workday.py
[2022-04-21 22:51:26,055] {processor.py:171} INFO - Processing /home/daalonso/.local/lib/python3.8/site-packages/airflow/example_dags/plugins/workday.py took 0.047 seconds
[2022-04-21 22:52:05,807] {processor.py:163} INFO - Started process (PID=973) to work on /home/daalonso/.local/lib/python3.8/site-packages/airflow/example_dags/plugins/workday.py
[2022-04-21 22:52:05,810] {processor.py:625} INFO - Processing file /home/daalonso/.local/lib/python3.8/site-packages/airflow/example_dags/plugins/workday.py for tasks to queue
[2022-04-21 22:52:05,811] {logging_mixin.py:109} INFO - [2022-04-21 22:52:05,811] {dagbag.py:500} INFO - Filling up the DagBag from /home/daalonso/.local/lib/python3.8/site-packages/airflow/example_dags/plugins/workday.py
[2022-04-21 22:52:05,849] {processor.py:639} WARNING - No viable dags retrieved from /home/daalonso/.local/lib/python3.8/site-packages/airflow/example_dags/plugins/workday.py
[2022-04-21 22:52:05,854] {processor.py:171} INFO - Processing /home/daalonso/.local/lib/python3.8/site-packages/airflow/example_dags/plugins/workday.py took 0.056 seconds
[2022-04-21 22:52:48,365] {processor.py:163} INFO - Started process (PID=1087) to work on /home/daalonso/.local/lib/python3.8/site-packages/airflow/example_dags/plugins/workday.py
[2022-04-21 22:52:48,368] {processor.py:625} INFO - Processing file /home/daalonso/.local/lib/python3.8/site-packages/airflow/example_dags/plugins/workday.py for tasks to queue
[2022-04-21 22:52:48,369] {logging_mixin.py:109} INFO - [2022-04-21 22:52:48,369] {dagbag.py:500} INFO - Filling up the DagBag from /home/daalonso/.local/lib/python3.8/site-packages/airflow/example_dags/plugins/workday.py
[2022-04-21 22:52:48,401] {processor.py:639} WARNING - No viable dags retrieved from /home/daalonso/.local/lib/python3.8/site-packages/airflow/example_dags/plugins/workday.py
[2022-04-21 22:52:48,404] {processor.py:171} INFO - Processing /home/daalonso/.local/lib/python3.8/site-packages/airflow/example_dags/plugins/workday.py took 0.049 seconds
[2022-04-21 22:53:29,054] {processor.py:163} INFO - Started process (PID=1214) to work on /home/daalonso/.local/lib/python3.8/site-packages/airflow/example_dags/plugins/workday.py
[2022-04-21 22:53:29,058] {processor.py:625} INFO - Processing file /home/daalonso/.local/lib/python3.8/site-packages/airflow/example_dags/plugins/workday.py for tasks to queue
[2022-04-21 22:53:29,060] {logging_mixin.py:109} INFO - [2022-04-21 22:53:29,060] {dagbag.py:500} INFO - Filling up the DagBag from /home/daalonso/.local/lib/python3.8/site-packages/airflow/example_dags/plugins/workday.py
[2022-04-21 22:53:29,102] {processor.py:639} WARNING - No viable dags retrieved from /home/daalonso/.local/lib/python3.8/site-packages/airflow/example_dags/plugins/workday.py
[2022-04-21 22:53:29,108] {processor.py:171} INFO - Processing /home/daalonso/.local/lib/python3.8/site-packages/airflow/example_dags/plugins/workday.py took 0.066 seconds
[2022-04-21 22:54:11,599] {processor.py:163} INFO - Started process (PID=1298) to work on /home/daalonso/.local/lib/python3.8/site-packages/airflow/example_dags/plugins/workday.py
[2022-04-21 22:54:11,601] {processor.py:625} INFO - Processing file /home/daalonso/.local/lib/python3.8/site-packages/airflow/example_dags/plugins/workday.py for tasks to queue
[2022-04-21 22:54:11,602] {logging_mixin.py:109} INFO - [2022-04-21 22:54:11,602] {dagbag.py:500} INFO - Filling up the DagBag from /home/daalonso/.local/lib/python3.8/site-packages/airflow/example_dags/plugins/workday.py
[2022-04-21 22:54:11,631] {processor.py:639} WARNING - No viable dags retrieved from /home/daalonso/.local/lib/python3.8/site-packages/airflow/example_dags/plugins/workday.py
[2022-04-21 22:54:11,635] {processor.py:171} INFO - Processing /home/daalonso/.local/lib/python3.8/site-packages/airflow/example_dags/plugins/workday.py took 0.043 seconds
[2022-04-21 22:54:50,069] {processor.py:163} INFO - Started process (PID=1362) to work on /home/daalonso/.local/lib/python3.8/site-packages/airflow/example_dags/plugins/workday.py
[2022-04-21 22:54:50,072] {processor.py:625} INFO - Processing file /home/daalonso/.local/lib/python3.8/site-packages/airflow/example_dags/plugins/workday.py for tasks to queue
[2022-04-21 22:54:50,074] {logging_mixin.py:109} INFO - [2022-04-21 22:54:50,073] {dagbag.py:500} INFO - Filling up the DagBag from /home/daalonso/.local/lib/python3.8/site-packages/airflow/example_dags/plugins/workday.py
[2022-04-21 22:54:50,107] {processor.py:639} WARNING - No viable dags retrieved from /home/daalonso/.local/lib/python3.8/site-packages/airflow/example_dags/plugins/workday.py
[2022-04-21 22:54:50,112] {processor.py:171} INFO - Processing /home/daalonso/.local/lib/python3.8/site-packages/airflow/example_dags/plugins/workday.py took 0.057 seconds
[2022-04-21 22:55:26,849] {processor.py:163} INFO - Started process (PID=1422) to work on /home/daalonso/.local/lib/python3.8/site-packages/airflow/example_dags/plugins/workday.py
[2022-04-21 22:55:26,853] {processor.py:625} INFO - Processing file /home/daalonso/.local/lib/python3.8/site-packages/airflow/example_dags/plugins/workday.py for tasks to queue
[2022-04-21 22:55:26,854] {logging_mixin.py:109} INFO - [2022-04-21 22:55:26,854] {dagbag.py:500} INFO - Filling up the DagBag from /home/daalonso/.local/lib/python3.8/site-packages/airflow/example_dags/plugins/workday.py
[2022-04-21 22:55:26,890] {processor.py:639} WARNING - No viable dags retrieved from /home/daalonso/.local/lib/python3.8/site-packages/airflow/example_dags/plugins/workday.py
[2022-04-21 22:55:26,894] {processor.py:171} INFO - Processing /home/daalonso/.local/lib/python3.8/site-packages/airflow/example_dags/plugins/workday.py took 0.056 seconds
[2022-04-21 22:56:05,853] {processor.py:163} INFO - Started process (PID=1484) to work on /home/daalonso/.local/lib/python3.8/site-packages/airflow/example_dags/plugins/workday.py
[2022-04-21 22:56:05,857] {processor.py:625} INFO - Processing file /home/daalonso/.local/lib/python3.8/site-packages/airflow/example_dags/plugins/workday.py for tasks to queue
[2022-04-21 22:56:05,859] {logging_mixin.py:109} INFO - [2022-04-21 22:56:05,859] {dagbag.py:500} INFO - Filling up the DagBag from /home/daalonso/.local/lib/python3.8/site-packages/airflow/example_dags/plugins/workday.py
[2022-04-21 22:56:05,909] {processor.py:639} WARNING - No viable dags retrieved from /home/daalonso/.local/lib/python3.8/site-packages/airflow/example_dags/plugins/workday.py
[2022-04-21 22:56:05,914] {processor.py:171} INFO - Processing /home/daalonso/.local/lib/python3.8/site-packages/airflow/example_dags/plugins/workday.py took 0.073 seconds
